2025-07-12 10:07:38 [INFO] [MainThread] test_chrome:869 - --- Starting Bubblemaps Extractor (Multi-Threaded) ---
2025-07-12 10:07:38 [INFO] [MainThread] test_chrome:85 - Chrome binary found at: C:\Program Files\Google\Chrome\Application\chrome.exe
2025-07-12 10:07:38 [INFO] [MainThread] test_chrome:144 - Found new token to process: 9Mr8mbaD3FxbgV5d7eiYBQS8ov1vcEADubYtnh8kbonk
2025-07-12 10:07:38 [INFO] [MainThread] test_chrome:153 - Found 1 new tokens to process
2025-07-12 10:07:38 [INFO] [MainThread] test_chrome:849 - Submitting 1 new tokens: 9Mr8mbaD3FxbgV5d7eiYBQS8ov1vcEADubYtnh8kbonk
2025-07-12 10:07:38 [INFO] [BubbleWorker_0] test_chrome:591 - [Thread-4320] --- Starting processing for token: 9Mr8mbaD3FxbgV5d7eiYBQS8ov1vcEADubYtnh8kbonk ---
2025-07-12 10:07:41 [INFO] [BubbleWorker_0] test_chrome:601 - [Thread-4320] Attempt 1/3 for token: 9Mr8mbaD3FxbgV5d7eiYBQS8ov1vcEADubYtnh8kbonk
2025-07-12 10:07:43 [INFO] [BubbleWorker_0] test_chrome:611 - [Thread-4320] Page readyState complete for 9Mr8mbaD3FxbgV5d7eiYBQS8ov1vcEADubYtnh8kbonk (Attempt 1).
2025-07-12 10:07:45 [INFO] [BubbleWorker_0] test_chrome:618 - [Thread-4320] 'Address List' is visible for 9Mr8mbaD3FxbgV5d7eiYBQS8ov1vcEADubYtnh8kbonk.
2025-07-12 10:07:47 [INFO] [BubbleWorker_0] test_chrome:629 - [Thread-4320] Data is fresh: 'a few seconds ago'.
2025-07-12 10:07:58 [WARNING] [BubbleWorker_0] test_chrome:654 - [BUBBLEMAPS] Magic Nodes button not found or not clickable: Message: 
Stacktrace:
	GetHandleVerifier [0x0x7ff778d06f75+76917]
	GetHandleVerifier [0x0x7ff778d06fd0+77008]
	(No symbol) [0x0x7ff778ab9dea]
	(No symbol) [0x0x7ff778b10256]
	(No symbol) [0x0x7ff778b1050c]
	(No symbol) [0x0x7ff778b63887]
	(No symbol) [0x0x7ff778b384af]
	(No symbol) [0x0x7ff778b6065c]
	(No symbol) [0x0x7ff778b38243]
	(No symbol) [0x0x7ff778b01431]
	(No symbol) [0x0x7ff778b021c3]
	GetHandleVerifier [0x0x7ff778fdd2ad+3051437]
	GetHandleVerifier [0x0x7ff778fd7903+3028483]
	GetHandleVerifier [0x0x7ff778ff589d+3151261]
	GetHandleVerifier [0x0x7ff778d2183e+185662]
	GetHandleVerifier [0x0x7ff778d296ff+218111]
	GetHandleVerifier [0x0x7ff778d0faf4+112628]
	GetHandleVerifier [0x0x7ff778d0fca9+113065]
	GetHandleVerifier [0x0x7ff778cf6c78+10616]
	BaseThreadInitThunk [0x0x7ff95da0e8d7+23]
	RtlUserThreadStart [0x0x7ff95e77c34c+44]

2025-07-12 10:08:08 [INFO] [BubbleWorker_0] test_chrome:338 - [4320] Extracted 10 initial holder ranks.
2025-07-12 10:08:08 [INFO] [BubbleWorker_0] test_chrome:664 - [Thread-4320] Attempting to click clusters and extract supply data.
2025-07-12 10:08:08 [INFO] [BubbleWorker_0] test_chrome:346 - [Thread-4320] Starting cluster click processing for 10 items.
2025-07-12 10:08:11 [INFO] [BubbleWorker_0] test_chrome:180 - Screenshot saved as debug_screenshots\cluster_processing_start_20250712_100808.png
2025-07-12 10:08:22 [INFO] [BubbleWorker_0] test_chrome:380 - [Thread-4320] Processing Rank #2 - xYTtPx...VBNC
2025-07-12 10:08:22 [INFO] [BubbleWorker_0] test_chrome:380 - [Thread-4320] Processing Rank #3 - FDjRtm...eq2L
2025-07-12 10:08:22 [INFO] [BubbleWorker_0] test_chrome:380 - [Thread-4320] Processing Rank #4 - pump.fun Creator (81rM)
2025-07-12 10:08:22 [INFO] [BubbleWorker_0] test_chrome:380 - [Thread-4320] Processing Rank #6 - 5B52w1...vyxG
2025-07-12 10:08:22 [INFO] [BubbleWorker_0] test_chrome:380 - [Thread-4320] Processing Rank #7 - DeD9An...K16r
2025-07-12 10:08:22 [INFO] [BubbleWorker_0] test_chrome:380 - [Thread-4320] Processing Rank #8 - 8q3vQt...hZPX
2025-07-12 10:08:22 [INFO] [BubbleWorker_0] test_chrome:380 - [Thread-4320] Processing Rank #9 - EbLW6B...dNJp
2025-07-12 10:08:22 [INFO] [BubbleWorker_0] test_chrome:380 - [Thread-4320] Processing Rank #10 - JBYAGz...BYzY
2025-07-12 10:08:22 [INFO] [BubbleWorker_0] test_chrome:380 - [Thread-4320] Processing Rank #11 - T6CXvo...p8wx
2025-07-12 10:08:22 [INFO] [BubbleWorker_0] test_chrome:396 - [Thread-4320] Rank #11 (T6CXvo...p8wx) is a NEW visual cluster. Finding & Clicking...
2025-07-12 10:08:31 [INFO] [BubbleWorker_0] test_chrome:442 - [Thread-4320] Found target Rank #11. Attempting click.
