2025-07-20 00:10:04,710 - asyncio - DEBUG - Using proactor: IocpProactor
2025-07-20 00:10:04,711 - httpx - DEBUG - load_ssl_context verify=True cert=None trust_env=True http2=False
2025-07-20 00:10:04,714 - httpx - DEBUG - load_verify_locations cafile='c:\\Users\\Rachid Aitali\\OneDrive - 4JM Solutions Limited\\Desktop\\SniperX-V3-Best-Version-at-now\\SniperX-V3-Best-Version-at-now\\SniperX-Dev\\.venv\\lib\\site-packages\\certifi\\cacert.pem'
2025-07-20 00:10:04,721 - httpx - DEBUG - load_ssl_context verify=True cert=None trust_env=True http2=False
2025-07-20 00:10:04,722 - httpx - DEBUG - load_verify_locations cafile='c:\\Users\\Rachid Aitali\\OneDrive - 4JM Solutions Limited\\Desktop\\SniperX-V3-Best-Version-at-now\\SniperX-V3-Best-Version-at-now\\SniperX-Dev\\.venv\\lib\\site-packages\\certifi\\cacert.pem'
2025-07-20 00:10:04,737 - __main__ - INFO - Telegram Manager Bot started. Send /menu to interact.
2025-07-20 00:10:04,738 - telegram.ext.ExtBot - DEBUG - Entering: send_message
2025-07-20 00:10:04,744 - httpcore.connection - DEBUG - connect_tcp.started host='api.telegram.org' port=443 local_address=None timeout=5.0 socket_options=None
2025-07-20 00:10:05,771 - httpcore.connection - DEBUG - connect_tcp.complete return_value=<httpcore._backends.anyio.AnyIOStream object at 0x000001D26D8AEA70>
2025-07-20 00:10:05,771 - httpcore.connection - DEBUG - start_tls.started ssl_context=<ssl.SSLContext object at 0x000001D26D8684C0> server_hostname='api.telegram.org' timeout=5.0
2025-07-20 00:10:06,354 - httpcore.connection - DEBUG - start_tls.complete return_value=<httpcore._backends.anyio.AnyIOStream object at 0x000001D26D8AEC80>
2025-07-20 00:10:06,355 - httpcore.http11 - DEBUG - send_request_headers.started request=<Request [b'POST']>
2025-07-20 00:10:06,356 - httpcore.http11 - DEBUG - send_request_headers.complete
2025-07-20 00:10:06,356 - httpcore.http11 - DEBUG - send_request_body.started request=<Request [b'POST']>
2025-07-20 00:10:06,356 - httpcore.http11 - DEBUG - send_request_body.complete
2025-07-20 00:10:06,356 - httpcore.http11 - DEBUG - receive_response_headers.started request=<Request [b'POST']>
2025-07-20 00:10:07,619 - httpcore.http11 - DEBUG - receive_response_headers.complete return_value=(b'HTTP/1.1', 200, b'OK', [(b'Server', b'nginx/1.18.0'), (b'Date', b'Sat, 19 Jul 2025 23:10:06 GMT'), (b'Content-Type', b'application/json'), (b'Content-Length', b'352'), (b'Connection', b'keep-alive'), (b'Strict-Transport-Security', b'max-age=31536000; includeSubDomains; preload'), (b'Access-Control-Allow-Origin', b'*'), (b'Access-Control-Allow-Methods', b'GET, POST, OPTIONS'), (b'Access-Control-Expose-Headers', b'Content-Length,Content-Type,Date,Server,Connection')])
2025-07-20 00:10:07,622 - httpx - INFO - HTTP Request: POST https://api.telegram.org/bot7707158318:AAE8rWa4Q8Z_3avql6K0HAmXaooZAReoNF0/sendMessage "HTTP/1.1 200 OK"
2025-07-20 00:10:07,624 - httpcore.http11 - DEBUG - receive_response_body.started request=<Request [b'POST']>
2025-07-20 00:10:07,626 - httpcore.http11 - DEBUG - receive_response_body.complete
2025-07-20 00:10:07,626 - httpcore.http11 - DEBUG - response_closed.started
2025-07-20 00:10:07,626 - httpcore.http11 - DEBUG - response_closed.complete
2025-07-20 00:10:07,627 - telegram.ext.ExtBot - DEBUG - Message(channel_chat_created=False, chat=Chat(first_name='Ghost', id=7049055170, last_name='Number1', type=<ChatType.PRIVATE>), date=datetime.datetime(2025, 7, 19, 23, 10, 6, tzinfo=<UTC>), delete_chat_photo=False, entities=(MessageEntity(length=5, offset=36, type=<MessageEntityType.BOT_COMMAND>),), from_user=User(first_name='SPRD', id=7707158318, is_bot=True, username='tizi91Bot'), group_chat_created=False, message_id=13928, supergroup_chat_created=False, text='SniperX Control Bot is online! Send /menu to see options.')
2025-07-20 00:10:07,629 - telegram.ext.ExtBot - DEBUG - Exiting: send_message
2025-07-20 00:10:07,629 - telegram.ext.ExtBot - DEBUG - Entering: get_me
2025-07-20 00:10:07,631 - httpcore.http11 - DEBUG - send_request_headers.started request=<Request [b'POST']>
2025-07-20 00:10:07,631 - httpcore.http11 - DEBUG - send_request_headers.complete
2025-07-20 00:10:07,631 - httpcore.http11 - DEBUG - send_request_body.started request=<Request [b'POST']>
2025-07-20 00:10:07,631 - httpcore.http11 - DEBUG - send_request_body.complete
2025-07-20 00:10:07,631 - httpcore.http11 - DEBUG - receive_response_headers.started request=<Request [b'POST']>
2025-07-20 00:10:08,170 - httpcore.http11 - DEBUG - receive_response_headers.complete return_value=(b'HTTP/1.1', 200, b'OK', [(b'Server', b'nginx/1.18.0'), (b'Date', b'Sat, 19 Jul 2025 23:10:07 GMT'), (b'Content-Type', b'application/json'), (b'Content-Length', b'243'), (b'Connection', b'keep-alive'), (b'Strict-Transport-Security', b'max-age=31536000; includeSubDomains; preload'), (b'Access-Control-Allow-Origin', b'*'), (b'Access-Control-Allow-Methods', b'GET, POST, OPTIONS'), (b'Access-Control-Expose-Headers', b'Content-Length,Content-Type,Date,Server,Connection')])
2025-07-20 00:10:08,170 - httpx - INFO - HTTP Request: POST https://api.telegram.org/bot7707158318:AAE8rWa4Q8Z_3avql6K0HAmXaooZAReoNF0/getMe "HTTP/1.1 200 OK"
2025-07-20 00:10:08,171 - httpcore.http11 - DEBUG - receive_response_body.started request=<Request [b'POST']>
2025-07-20 00:10:08,171 - httpcore.http11 - DEBUG - receive_response_body.complete
2025-07-20 00:10:08,171 - httpcore.http11 - DEBUG - response_closed.started
2025-07-20 00:10:08,171 - httpcore.http11 - DEBUG - response_closed.complete
2025-07-20 00:10:08,171 - telegram.ext.ExtBot - DEBUG - User(api_kwargs={'can_connect_to_business': False, 'has_main_web_app': False}, can_join_groups=True, can_read_all_group_messages=False, first_name='SPRD', id=7707158318, is_bot=True, supports_inline_queries=False, username='tizi91Bot')
2025-07-20 00:10:08,171 - telegram.ext.ExtBot - DEBUG - Exiting: get_me
2025-07-20 00:10:08,171 - telegram.ext.ExtBot - DEBUG - This Bot is already initialized.
2025-07-20 00:10:08,173 - telegram.ext.Updater - DEBUG - Updater started (polling)
2025-07-20 00:10:08,173 - telegram.ext.Updater - DEBUG - Start network loop retry bootstrap del webhook
2025-07-20 00:10:08,173 - telegram.ext.Updater - DEBUG - Deleting webhook
2025-07-20 00:10:08,173 - telegram.ext.ExtBot - DEBUG - Entering: delete_webhook
2025-07-20 00:10:08,174 - httpcore.http11 - DEBUG - send_request_headers.started request=<Request [b'POST']>
2025-07-20 00:10:08,174 - httpcore.http11 - DEBUG - send_request_headers.complete
2025-07-20 00:10:08,174 - httpcore.http11 - DEBUG - send_request_body.started request=<Request [b'POST']>
2025-07-20 00:10:08,174 - httpcore.http11 - DEBUG - send_request_body.complete
2025-07-20 00:10:08,174 - httpcore.http11 - DEBUG - receive_response_headers.started request=<Request [b'POST']>
2025-07-20 00:10:08,749 - httpcore.http11 - DEBUG - receive_response_headers.complete return_value=(b'HTTP/1.1', 200, b'OK', [(b'Server', b'nginx/1.18.0'), (b'Date', b'Sat, 19 Jul 2025 23:10:08 GMT'), (b'Content-Type', b'application/json'), (b'Content-Length', b'68'), (b'Connection', b'keep-alive'), (b'Strict-Transport-Security', b'max-age=31536000; includeSubDomains; preload'), (b'Access-Control-Allow-Origin', b'*'), (b'Access-Control-Allow-Methods', b'GET, POST, OPTIONS'), (b'Access-Control-Expose-Headers', b'Content-Length,Content-Type,Date,Server,Connection')])
2025-07-20 00:10:08,749 - httpx - INFO - HTTP Request: POST https://api.telegram.org/bot7707158318:AAE8rWa4Q8Z_3avql6K0HAmXaooZAReoNF0/deleteWebhook "HTTP/1.1 200 OK"
2025-07-20 00:10:08,750 - httpcore.http11 - DEBUG - receive_response_body.started request=<Request [b'POST']>
2025-07-20 00:10:08,750 - httpcore.http11 - DEBUG - receive_response_body.complete
2025-07-20 00:10:08,750 - httpcore.http11 - DEBUG - response_closed.started
2025-07-20 00:10:08,752 - httpcore.http11 - DEBUG - response_closed.complete
2025-07-20 00:10:08,753 - telegram.ext.ExtBot - DEBUG - True
2025-07-20 00:10:08,753 - telegram.ext.ExtBot - DEBUG - Exiting: delete_webhook
2025-07-20 00:10:08,753 - telegram.ext.Updater - DEBUG - Bootstrap done
2025-07-20 00:10:08,754 - telegram.ext.Updater - DEBUG - Waiting for polling to start
2025-07-20 00:10:08,754 - telegram.ext.Updater - DEBUG - Polling updates from Telegram started
2025-07-20 00:10:08,754 - telegram.ext.Updater - DEBUG - Start network loop retry getting Updates
2025-07-20 00:10:08,754 - telegram.ext.ExtBot - DEBUG - Entering: get_updates
2025-07-20 00:10:08,757 - telegram.ext.Application - INFO - Application started
2025-07-20 00:10:08,758 - httpcore.connection - DEBUG - connect_tcp.started host='api.telegram.org' port=443 local_address=None timeout=5.0 socket_options=None
2025-07-20 00:10:09,020 - httpcore.connection - DEBUG - connect_tcp.complete return_value=<httpcore._backends.anyio.AnyIOStream object at 0x000001D26D849AB0>
2025-07-20 00:10:09,020 - httpcore.connection - DEBUG - start_tls.started ssl_context=<ssl.SSLContext object at 0x000001D26D8683C0> server_hostname='api.telegram.org' timeout=5.0
2025-07-20 00:10:09,512 - httpcore.connection - DEBUG - start_tls.complete return_value=<httpcore._backends.anyio.AnyIOStream object at 0x000001D26E8D3100>
2025-07-20 00:10:09,512 - httpcore.http11 - DEBUG - send_request_headers.started request=<Request [b'POST']>
2025-07-20 00:10:09,512 - httpcore.http11 - DEBUG - send_request_headers.complete
2025-07-20 00:10:09,512 - httpcore.http11 - DEBUG - send_request_body.started request=<Request [b'POST']>
2025-07-20 00:10:09,513 - httpcore.http11 - DEBUG - send_request_body.complete
2025-07-20 00:10:09,513 - httpcore.http11 - DEBUG - receive_response_headers.started request=<Request [b'POST']>
2025-07-20 00:10:10,928 - httpcore.http11 - DEBUG - receive_response_headers.complete return_value=(b'HTTP/1.1', 200, b'OK', [(b'Server', b'nginx/1.18.0'), (b'Date', b'Sat, 19 Jul 2025 23:10:10 GMT'), (b'Content-Type', b'application/json'), (b'Content-Length', b'357'), (b'Connection', b'keep-alive'), (b'Strict-Transport-Security', b'max-age=31536000; includeSubDomains; preload'), (b'Access-Control-Allow-Origin', b'*'), (b'Access-Control-Allow-Methods', b'GET, POST, OPTIONS'), (b'Access-Control-Expose-Headers', b'Content-Length,Content-Type,Date,Server,Connection')])
2025-07-20 00:10:10,928 - httpx - INFO - HTTP Request: POST https://api.telegram.org/bot7707158318:AAE8rWa4Q8Z_3avql6K0HAmXaooZAReoNF0/getUpdates "HTTP/1.1 200 OK"
2025-07-20 00:10:10,928 - httpcore.http11 - DEBUG - receive_response_body.started request=<Request [b'POST']>
2025-07-20 00:10:10,928 - httpcore.http11 - DEBUG - receive_response_body.complete
2025-07-20 00:10:10,929 - httpcore.http11 - DEBUG - response_closed.started
2025-07-20 00:10:10,929 - httpcore.http11 - DEBUG - response_closed.complete
2025-07-20 00:10:10,929 - telegram.ext.ExtBot - DEBUG - Getting updates: [37531234]
2025-07-20 00:10:10,930 - telegram.ext.ExtBot - DEBUG - (Update(message=Message(channel_chat_created=False, chat=Chat(first_name='Ghost', id=7049055170, last_name='Number1', type=<ChatType.PRIVATE>), date=datetime.datetime(2025, 7, 19, 23, 10, 10, tzinfo=<UTC>), delete_chat_photo=False, entities=(MessageEntity(length=5, offset=0, type=<MessageEntityType.BOT_COMMAND>),), from_user=User(first_name='Ghost', id=7049055170, is_bot=False, language_code='en', last_name='Number1'), group_chat_created=False, message_id=13929, supergroup_chat_created=False, text='/menu'), update_id=37531234),)
2025-07-20 00:10:10,931 - telegram.ext.ExtBot - DEBUG - Exiting: get_updates
2025-07-20 00:10:10,931 - telegram.ext.ExtBot - DEBUG - Entering: get_updates
2025-07-20 00:10:10,931 - telegram.ext.Application - DEBUG - Processing update Update(message=Message(channel_chat_created=False, chat=Chat(first_name='Ghost', id=7049055170, last_name='Number1', type=<ChatType.PRIVATE>), date=datetime.datetime(2025, 7, 19, 23, 10, 10, tzinfo=<UTC>), delete_chat_photo=False, entities=(MessageEntity(length=5, offset=0, type=<MessageEntityType.BOT_COMMAND>),), from_user=User(first_name='Ghost', id=7049055170, is_bot=False, language_code='en', last_name='Number1'), group_chat_created=False, message_id=13929, supergroup_chat_created=False, text='/menu'), update_id=37531234)
2025-07-20 00:10:10,933 - telegram.ext.ExtBot - DEBUG - Entering: send_message
2025-07-20 00:10:10,936 - httpcore.http11 - DEBUG - send_request_headers.started request=<Request [b'POST']>
2025-07-20 00:10:10,937 - httpcore.http11 - DEBUG - send_request_headers.started request=<Request [b'POST']>
2025-07-20 00:10:10,937 - httpcore.http11 - DEBUG - send_request_headers.complete
2025-07-20 00:10:10,937 - httpcore.http11 - DEBUG - send_request_body.started request=<Request [b'POST']>
2025-07-20 00:10:10,938 - httpcore.http11 - DEBUG - send_request_headers.complete
2025-07-20 00:10:10,938 - httpcore.http11 - DEBUG - send_request_body.started request=<Request [b'POST']>
2025-07-20 00:10:10,938 - httpcore.http11 - DEBUG - send_request_body.complete
2025-07-20 00:10:10,939 - httpcore.http11 - DEBUG - receive_response_headers.started request=<Request [b'POST']>
2025-07-20 00:10:10,939 - httpcore.http11 - DEBUG - send_request_body.complete
2025-07-20 00:10:10,939 - httpcore.http11 - DEBUG - receive_response_headers.started request=<Request [b'POST']>
2025-07-20 00:10:11,086 - httpcore.http11 - DEBUG - receive_response_headers.complete return_value=(b'HTTP/1.1', 200, b'OK', [(b'Server', b'nginx/1.18.0'), (b'Date', b'Sat, 19 Jul 2025 23:10:11 GMT'), (b'Content-Type', b'application/json'), (b'Content-Length', b'570'), (b'Connection', b'keep-alive'), (b'Strict-Transport-Security', b'max-age=31536000; includeSubDomains; preload'), (b'Access-Control-Allow-Origin', b'*'), (b'Access-Control-Allow-Methods', b'GET, POST, OPTIONS'), (b'Access-Control-Expose-Headers', b'Content-Length,Content-Type,Date,Server,Connection')])
2025-07-20 00:10:11,086 - httpx - INFO - HTTP Request: POST https://api.telegram.org/bot7707158318:AAE8rWa4Q8Z_3avql6K0HAmXaooZAReoNF0/sendMessage "HTTP/1.1 200 OK"
2025-07-20 00:10:11,087 - httpcore.http11 - DEBUG - receive_response_body.started request=<Request [b'POST']>
2025-07-20 00:10:11,087 - httpcore.http11 - DEBUG - receive_response_body.complete
2025-07-20 00:10:11,087 - httpcore.http11 - DEBUG - response_closed.started
2025-07-20 00:10:11,087 - httpcore.http11 - DEBUG - response_closed.complete
2025-07-20 00:10:11,088 - telegram.ext.ExtBot - DEBUG - Message(channel_chat_created=False, chat=Chat(first_name='Ghost', id=7049055170, last_name='Number1', type=<ChatType.PRIVATE>), date=datetime.datetime(2025, 7, 19, 23, 10, 11, tzinfo=<UTC>), delete_chat_photo=False, from_user=User(first_name='SPRD', id=7707158318, is_bot=True, username='tizi91Bot'), group_chat_created=False, message_id=13930, reply_markup=InlineKeyboardMarkup(inline_keyboard=((InlineKeyboardButton(callback_data='start_sniperx', text='🚀 Start SniperX'),), (InlineKeyboardButton(callback_data='stop_sniperx', text='🛑 Stop SniperX'), InlineKeyboardButton(callback_data='status_sniperx', text='📊 Status')), (InlineKeyboardButton(callback_data='show_balance', text='💰 Balance'),))), supergroup_chat_created=False, text='SniperX Bot Control Panel:')
2025-07-20 00:10:11,089 - telegram.ext.ExtBot - DEBUG - Exiting: send_message
2025-07-20 00:10:12,379 - httpcore.http11 - DEBUG - receive_response_headers.complete return_value=(b'HTTP/1.1', 200, b'OK', [(b'Server', b'nginx/1.18.0'), (b'Date', b'Sat, 19 Jul 2025 23:10:12 GMT'), (b'Content-Type', b'application/json'), (b'Content-Length', b'818'), (b'Connection', b'keep-alive'), (b'Strict-Transport-Security', b'max-age=31536000; includeSubDomains; preload'), (b'Access-Control-Allow-Origin', b'*'), (b'Access-Control-Allow-Methods', b'GET, POST, OPTIONS'), (b'Access-Control-Expose-Headers', b'Content-Length,Content-Type,Date,Server,Connection')])
2025-07-20 00:10:12,380 - httpx - INFO - HTTP Request: POST https://api.telegram.org/bot7707158318:AAE8rWa4Q8Z_3avql6K0HAmXaooZAReoNF0/getUpdates "HTTP/1.1 200 OK"
2025-07-20 00:10:12,380 - httpcore.http11 - DEBUG - receive_response_body.started request=<Request [b'POST']>
2025-07-20 00:10:12,380 - httpcore.http11 - DEBUG - receive_response_body.complete
2025-07-20 00:10:12,380 - httpcore.http11 - DEBUG - response_closed.started
2025-07-20 00:10:12,380 - httpcore.http11 - DEBUG - response_closed.complete
2025-07-20 00:10:12,380 - telegram.ext.ExtBot - DEBUG - Getting updates: [37531235]
2025-07-20 00:10:12,382 - telegram.ext.ExtBot - DEBUG - (Update(callback_query=CallbackQuery(chat_instance='-1307310250263184334', data='start_sniperx', from_user=User(first_name='Ghost', id=7049055170, is_bot=False, language_code='en', last_name='Number1'), id='2605345313961612469', message=Message(channel_chat_created=False, chat=Chat(first_name='Ghost', id=7049055170, last_name='Number1', type=<ChatType.PRIVATE>), date=datetime.datetime(2025, 7, 19, 23, 10, 11, tzinfo=<UTC>), delete_chat_photo=False, from_user=User(first_name='SPRD', id=7707158318, is_bot=True, username='tizi91Bot'), group_chat_created=False, message_id=13930, reply_markup=InlineKeyboardMarkup(inline_keyboard=((InlineKeyboardButton(callback_data='start_sniperx', text='🚀 Start SniperX'),), (InlineKeyboardButton(callback_data='stop_sniperx', text='🛑 Stop SniperX'), InlineKeyboardButton(callback_data='status_sniperx', text='📊 Status')), (InlineKeyboardButton(callback_data='show_balance', text='💰 Balance'),))), supergroup_chat_created=False, text='SniperX Bot Control Panel:')), update_id=37531235),)
2025-07-20 00:10:12,382 - telegram.ext.ExtBot - DEBUG - Exiting: get_updates
2025-07-20 00:10:12,382 - telegram.ext.ExtBot - DEBUG - Entering: get_updates
2025-07-20 00:10:12,385 - telegram.ext.Application - DEBUG - Processing update Update(callback_query=CallbackQuery(chat_instance='-1307310250263184334', data='start_sniperx', from_user=User(first_name='Ghost', id=7049055170, is_bot=False, language_code='en', last_name='Number1'), id='2605345313961612469', message=Message(channel_chat_created=False, chat=Chat(first_name='Ghost', id=7049055170, last_name='Number1', type=<ChatType.PRIVATE>), date=datetime.datetime(2025, 7, 19, 23, 10, 11, tzinfo=<UTC>), delete_chat_photo=False, from_user=User(first_name='SPRD', id=7707158318, is_bot=True, username='tizi91Bot'), group_chat_created=False, message_id=13930, reply_markup=InlineKeyboardMarkup(inline_keyboard=((InlineKeyboardButton(callback_data='start_sniperx', text='🚀 Start SniperX'),), (InlineKeyboardButton(callback_data='stop_sniperx', text='🛑 Stop SniperX'), InlineKeyboardButton(callback_data='status_sniperx', text='📊 Status')), (InlineKeyboardButton(callback_data='show_balance', text='💰 Balance'),))), supergroup_chat_created=False, text='SniperX Bot Control Panel:')), update_id=37531235)
2025-07-20 00:10:12,386 - __main__ - INFO - Button callback received: Update(callback_query=CallbackQuery(chat_instance='-1307310250263184334', data='start_sniperx', from_user=User(first_name='Ghost', id=7049055170, is_bot=False, language_code='en', last_name='Number1'), id='2605345313961612469', message=Message(channel_chat_created=False, chat=Chat(first_name='Ghost', id=7049055170, last_name='Number1', type=<ChatType.PRIVATE>), date=datetime.datetime(2025, 7, 19, 23, 10, 11, tzinfo=<UTC>), delete_chat_photo=False, from_user=User(first_name='SPRD', id=7707158318, is_bot=True, username='tizi91Bot'), group_chat_created=False, message_id=13930, reply_markup=InlineKeyboardMarkup(inline_keyboard=((InlineKeyboardButton(callback_data='start_sniperx', text='🚀 Start SniperX'),), (InlineKeyboardButton(callback_data='stop_sniperx', text='🛑 Stop SniperX'), InlineKeyboardButton(callback_data='status_sniperx', text='📊 Status')), (InlineKeyboardButton(callback_data='show_balance', text='💰 Balance'),))), supergroup_chat_created=False, text='SniperX Bot Control Panel:')), update_id=37531235)
2025-07-20 00:10:12,387 - telegram.ext.ExtBot - DEBUG - Entering: answer_callback_query
2025-07-20 00:10:12,390 - httpcore.http11 - DEBUG - send_request_headers.started request=<Request [b'POST']>
2025-07-20 00:10:12,391 - httpcore.http11 - DEBUG - send_request_headers.started request=<Request [b'POST']>
2025-07-20 00:10:12,391 - httpcore.http11 - DEBUG - send_request_headers.complete
2025-07-20 00:10:12,391 - httpcore.http11 - DEBUG - send_request_body.started request=<Request [b'POST']>
2025-07-20 00:10:12,391 - httpcore.http11 - DEBUG - send_request_headers.complete
2025-07-20 00:10:12,391 - httpcore.http11 - DEBUG - send_request_body.started request=<Request [b'POST']>
2025-07-20 00:10:12,392 - httpcore.http11 - DEBUG - send_request_body.complete
2025-07-20 00:10:12,392 - httpcore.http11 - DEBUG - receive_response_headers.started request=<Request [b'POST']>
2025-07-20 00:10:12,392 - httpcore.http11 - DEBUG - send_request_body.complete
2025-07-20 00:10:12,392 - httpcore.http11 - DEBUG - receive_response_headers.started request=<Request [b'POST']>
2025-07-20 00:10:12,547 - httpcore.http11 - DEBUG - receive_response_headers.complete return_value=(b'HTTP/1.1', 200, b'OK', [(b'Server', b'nginx/1.18.0'), (b'Date', b'Sat, 19 Jul 2025 23:10:12 GMT'), (b'Content-Type', b'application/json'), (b'Content-Length', b'25'), (b'Connection', b'keep-alive'), (b'Strict-Transport-Security', b'max-age=31536000; includeSubDomains; preload'), (b'Access-Control-Allow-Origin', b'*'), (b'Access-Control-Allow-Methods', b'GET, POST, OPTIONS'), (b'Access-Control-Expose-Headers', b'Content-Length,Content-Type,Date,Server,Connection')])
2025-07-20 00:10:12,548 - httpx - INFO - HTTP Request: POST https://api.telegram.org/bot7707158318:AAE8rWa4Q8Z_3avql6K0HAmXaooZAReoNF0/answerCallbackQuery "HTTP/1.1 200 OK"
2025-07-20 00:10:12,548 - httpcore.http11 - DEBUG - receive_response_body.started request=<Request [b'POST']>
2025-07-20 00:10:12,549 - httpcore.http11 - DEBUG - receive_response_body.complete
2025-07-20 00:10:12,550 - httpcore.http11 - DEBUG - response_closed.started
2025-07-20 00:10:12,551 - httpcore.http11 - DEBUG - response_closed.complete
2025-07-20 00:10:12,552 - telegram.ext.ExtBot - DEBUG - True
2025-07-20 00:10:12,552 - telegram.ext.ExtBot - DEBUG - Exiting: answer_callback_query
2025-07-20 00:10:12,552 - __main__ - INFO - Processing action: start_sniperx
2025-07-20 00:10:12,553 - telegram.ext.ExtBot - DEBUG - Entering: send_message
2025-07-20 00:10:12,556 - httpcore.http11 - DEBUG - send_request_headers.started request=<Request [b'POST']>
2025-07-20 00:10:12,556 - httpcore.http11 - DEBUG - send_request_headers.complete
2025-07-20 00:10:12,556 - httpcore.http11 - DEBUG - send_request_body.started request=<Request [b'POST']>
2025-07-20 00:10:12,556 - httpcore.http11 - DEBUG - send_request_body.complete
2025-07-20 00:10:12,557 - httpcore.http11 - DEBUG - receive_response_headers.started request=<Request [b'POST']>
2025-07-20 00:10:12,901 - httpcore.http11 - DEBUG - receive_response_headers.complete return_value=(b'HTTP/1.1', 200, b'OK', [(b'Server', b'nginx/1.18.0'), (b'Date', b'Sat, 19 Jul 2025 23:10:12 GMT'), (b'Content-Type', b'application/json'), (b'Content-Length', b'262'), (b'Connection', b'keep-alive'), (b'Strict-Transport-Security', b'max-age=31536000; includeSubDomains; preload'), (b'Access-Control-Allow-Origin', b'*'), (b'Access-Control-Allow-Methods', b'GET, POST, OPTIONS'), (b'Access-Control-Expose-Headers', b'Content-Length,Content-Type,Date,Server,Connection')])
2025-07-20 00:10:12,902 - httpx - INFO - HTTP Request: POST https://api.telegram.org/bot7707158318:AAE8rWa4Q8Z_3avql6K0HAmXaooZAReoNF0/sendMessage "HTTP/1.1 200 OK"
2025-07-20 00:10:12,902 - httpcore.http11 - DEBUG - receive_response_body.started request=<Request [b'POST']>
2025-07-20 00:10:12,903 - httpcore.http11 - DEBUG - receive_response_body.complete
2025-07-20 00:10:12,903 - httpcore.http11 - DEBUG - response_closed.started
2025-07-20 00:10:12,903 - httpcore.http11 - DEBUG - response_closed.complete
2025-07-20 00:10:12,904 - telegram.ext.ExtBot - DEBUG - Message(channel_chat_created=False, chat=Chat(first_name='Ghost', id=7049055170, last_name='Number1', type=<ChatType.PRIVATE>), date=datetime.datetime(2025, 7, 19, 23, 10, 12, tzinfo=<UTC>), delete_chat_photo=False, from_user=User(first_name='SPRD', id=7707158318, is_bot=True, username='tizi91Bot'), group_chat_created=False, message_id=13931, supergroup_chat_created=False, text='Starting wallet manager...')
2025-07-20 00:10:12,904 - telegram.ext.ExtBot - DEBUG - Exiting: send_message
2025-07-20 00:10:14,976 - telegram.ext.ExtBot - DEBUG - Entering: send_message
2025-07-20 00:10:14,978 - httpcore.http11 - DEBUG - send_request_headers.started request=<Request [b'POST']>
2025-07-20 00:10:14,979 - httpcore.http11 - DEBUG - send_request_headers.complete
2025-07-20 00:10:14,979 - httpcore.http11 - DEBUG - send_request_body.started request=<Request [b'POST']>
2025-07-20 00:10:14,980 - httpcore.http11 - DEBUG - send_request_body.complete
2025-07-20 00:10:14,980 - httpcore.http11 - DEBUG - receive_response_headers.started request=<Request [b'POST']>
2025-07-20 00:10:15,098 - httpcore.http11 - DEBUG - receive_response_headers.complete return_value=(b'HTTP/1.1', 200, b'OK', [(b'Server', b'nginx/1.18.0'), (b'Date', b'Sat, 19 Jul 2025 23:10:15 GMT'), (b'Content-Type', b'application/json'), (b'Content-Length', b'323'), (b'Connection', b'keep-alive'), (b'Strict-Transport-Security', b'max-age=31536000; includeSubDomains; preload'), (b'Access-Control-Allow-Origin', b'*'), (b'Access-Control-Allow-Methods', b'GET, POST, OPTIONS'), (b'Access-Control-Expose-Headers', b'Content-Length,Content-Type,Date,Server,Connection')])
2025-07-20 00:10:15,099 - httpx - INFO - HTTP Request: POST https://api.telegram.org/bot7707158318:AAE8rWa4Q8Z_3avql6K0HAmXaooZAReoNF0/sendMessage "HTTP/1.1 200 OK"
2025-07-20 00:10:15,100 - httpcore.http11 - DEBUG - receive_response_body.started request=<Request [b'POST']>
2025-07-20 00:10:15,100 - httpcore.http11 - DEBUG - receive_response_body.complete
2025-07-20 00:10:15,100 - httpcore.http11 - DEBUG - response_closed.started
2025-07-20 00:10:15,100 - httpcore.http11 - DEBUG - response_closed.complete
2025-07-20 00:10:15,100 - telegram.ext.ExtBot - DEBUG - Message(channel_chat_created=False, chat=Chat(first_name='Ghost', id=7049055170, last_name='Number1', type=<ChatType.PRIVATE>), date=datetime.datetime(2025, 7, 19, 23, 10, 15, tzinfo=<UTC>), delete_chat_photo=False, entities=(MessageEntity(length=5, offset=8, type=<MessageEntityType.URL>),), from_user=User(first_name='SPRD', id=7707158318, is_bot=True, username='tizi91Bot'), group_chat_created=False, message_id=13932, supergroup_chat_created=False, text='SniperX V2.py started with PID 32704.')
2025-07-20 00:10:15,101 - telegram.ext.ExtBot - DEBUG - Exiting: send_message
2025-07-20 00:10:15,101 - __main__ - INFO - SniperX V2.py started with PID 32704 by user tizi91Bot
2025-07-20 00:10:15,102 - telegram.ext.ExtBot - DEBUG - Entering: edit_message_text
2025-07-20 00:10:15,104 - httpcore.http11 - DEBUG - send_request_headers.started request=<Request [b'POST']>
2025-07-20 00:10:15,104 - httpcore.http11 - DEBUG - send_request_headers.complete
2025-07-20 00:10:15,105 - httpcore.http11 - DEBUG - send_request_body.started request=<Request [b'POST']>
2025-07-20 00:10:15,105 - httpcore.http11 - DEBUG - send_request_body.complete
2025-07-20 00:10:15,105 - httpcore.http11 - DEBUG - receive_response_headers.started request=<Request [b'POST']>
2025-07-20 00:10:15,251 - httpcore.http11 - DEBUG - receive_response_headers.complete return_value=(b'HTTP/1.1', 400, b'Bad Request', [(b'Server', b'nginx/1.18.0'), (b'Date', b'Sat, 19 Jul 2025 23:10:15 GMT'), (b'Content-Type', b'application/json'), (b'Content-Length', b'204'), (b'Connection', b'keep-alive'), (b'Strict-Transport-Security', b'max-age=31536000; includeSubDomains; preload'), (b'Access-Control-Allow-Origin', b'*'), (b'Access-Control-Expose-Headers', b'Content-Length,Content-Type,Date,Server,Connection')])
2025-07-20 00:10:15,252 - httpx - INFO - HTTP Request: POST https://api.telegram.org/bot7707158318:AAE8rWa4Q8Z_3avql6K0HAmXaooZAReoNF0/editMessageText "HTTP/1.1 400 Bad Request"
2025-07-20 00:10:15,252 - httpcore.http11 - DEBUG - receive_response_body.started request=<Request [b'POST']>
2025-07-20 00:10:15,252 - httpcore.http11 - DEBUG - receive_response_body.complete
2025-07-20 00:10:15,253 - httpcore.http11 - DEBUG - response_closed.started
2025-07-20 00:10:15,253 - httpcore.http11 - DEBUG - response_closed.complete
2025-07-20 00:10:15,255 - __main__ - ERROR - Error showing menu: Message is not modified: specified new message content and reply markup are exactly the same as a current content and reply markup of the message
2025-07-20 00:10:15,255 - telegram.ext.ExtBot - DEBUG - Entering: send_message
2025-07-20 00:10:15,257 - httpcore.http11 - DEBUG - send_request_headers.started request=<Request [b'POST']>
2025-07-20 00:10:15,258 - httpcore.http11 - DEBUG - send_request_headers.complete
2025-07-20 00:10:15,258 - httpcore.http11 - DEBUG - send_request_body.started request=<Request [b'POST']>
2025-07-20 00:10:15,259 - httpcore.http11 - DEBUG - send_request_body.complete
2025-07-20 00:10:15,259 - httpcore.http11 - DEBUG - receive_response_headers.started request=<Request [b'POST']>
2025-07-20 00:10:15,360 - httpcore.http11 - DEBUG - receive_response_headers.complete return_value=(b'HTTP/1.1', 200, b'OK', [(b'Server', b'nginx/1.18.0'), (b'Date', b'Sat, 19 Jul 2025 23:10:15 GMT'), (b'Content-Type', b'application/json'), (b'Content-Length', b'570'), (b'Connection', b'keep-alive'), (b'Strict-Transport-Security', b'max-age=31536000; includeSubDomains; preload'), (b'Access-Control-Allow-Origin', b'*'), (b'Access-Control-Allow-Methods', b'GET, POST, OPTIONS'), (b'Access-Control-Expose-Headers', b'Content-Length,Content-Type,Date,Server,Connection')])
2025-07-20 00:10:15,361 - httpx - INFO - HTTP Request: POST https://api.telegram.org/bot7707158318:AAE8rWa4Q8Z_3avql6K0HAmXaooZAReoNF0/sendMessage "HTTP/1.1 200 OK"
2025-07-20 00:10:15,362 - httpcore.http11 - DEBUG - receive_response_body.started request=<Request [b'POST']>
2025-07-20 00:10:15,362 - httpcore.http11 - DEBUG - receive_response_body.complete
2025-07-20 00:10:15,362 - httpcore.http11 - DEBUG - response_closed.started
2025-07-20 00:10:15,362 - httpcore.http11 - DEBUG - response_closed.complete
2025-07-20 00:10:15,363 - telegram.ext.ExtBot - DEBUG - Message(channel_chat_created=False, chat=Chat(first_name='Ghost', id=7049055170, last_name='Number1', type=<ChatType.PRIVATE>), date=datetime.datetime(2025, 7, 19, 23, 10, 15, tzinfo=<UTC>), delete_chat_photo=False, from_user=User(first_name='SPRD', id=7707158318, is_bot=True, username='tizi91Bot'), group_chat_created=False, message_id=13933, reply_markup=InlineKeyboardMarkup(inline_keyboard=((InlineKeyboardButton(callback_data='start_sniperx', text='🚀 Start SniperX'),), (InlineKeyboardButton(callback_data='stop_sniperx', text='🛑 Stop SniperX'), InlineKeyboardButton(callback_data='status_sniperx', text='📊 Status')), (InlineKeyboardButton(callback_data='show_balance', text='💰 Balance'),))), supergroup_chat_created=False, text='SniperX Bot Control Panel:')
2025-07-20 00:10:15,364 - telegram.ext.ExtBot - DEBUG - Exiting: send_message
2025-07-20 00:10:22,618 - httpcore.http11 - DEBUG - receive_response_headers.complete return_value=(b'HTTP/1.1', 200, b'OK', [(b'Server', b'nginx/1.18.0'), (b'Date', b'Sat, 19 Jul 2025 23:10:22 GMT'), (b'Content-Type', b'application/json'), (b'Content-Length', b'23'), (b'Connection', b'keep-alive'), (b'Strict-Transport-Security', b'max-age=31536000; includeSubDomains; preload'), (b'Access-Control-Allow-Origin', b'*'), (b'Access-Control-Allow-Methods', b'GET, POST, OPTIONS'), (b'Access-Control-Expose-Headers', b'Content-Length,Content-Type,Date,Server,Connection')])
2025-07-20 00:10:22,619 - httpx - INFO - HTTP Request: POST https://api.telegram.org/bot7707158318:AAE8rWa4Q8Z_3avql6K0HAmXaooZAReoNF0/getUpdates "HTTP/1.1 200 OK"
2025-07-20 00:10:22,621 - httpcore.http11 - DEBUG - receive_response_body.started request=<Request [b'POST']>
2025-07-20 00:10:22,621 - httpcore.http11 - DEBUG - receive_response_body.complete
2025-07-20 00:10:22,621 - httpcore.http11 - DEBUG - response_closed.started
2025-07-20 00:10:22,621 - httpcore.http11 - DEBUG - response_closed.complete
2025-07-20 00:10:22,621 - telegram.ext.ExtBot - DEBUG - No new updates found.
2025-07-20 00:10:22,622 - telegram.ext.ExtBot - DEBUG - ()
2025-07-20 00:10:22,622 - telegram.ext.ExtBot - DEBUG - Exiting: get_updates
2025-07-20 00:10:22,622 - telegram.ext.ExtBot - DEBUG - Entering: get_updates
2025-07-20 00:10:22,624 - httpcore.http11 - DEBUG - send_request_headers.started request=<Request [b'POST']>
2025-07-20 00:10:22,625 - httpcore.http11 - DEBUG - send_request_headers.complete
2025-07-20 00:10:22,625 - httpcore.http11 - DEBUG - send_request_body.started request=<Request [b'POST']>
2025-07-20 00:10:22,625 - httpcore.http11 - DEBUG - send_request_body.complete
2025-07-20 00:10:22,625 - httpcore.http11 - DEBUG - receive_response_headers.started request=<Request [b'POST']>
2025-07-20 00:10:24,942 - httpcore.http11 - DEBUG - receive_response_headers.complete return_value=(b'HTTP/1.1', 200, b'OK', [(b'Server', b'nginx/1.18.0'), (b'Date', b'Sat, 19 Jul 2025 23:10:24 GMT'), (b'Content-Type', b'application/json'), (b'Content-Length', b'819'), (b'Connection', b'keep-alive'), (b'Strict-Transport-Security', b'max-age=31536000; includeSubDomains; preload'), (b'Access-Control-Allow-Origin', b'*'), (b'Access-Control-Allow-Methods', b'GET, POST, OPTIONS'), (b'Access-Control-Expose-Headers', b'Content-Length,Content-Type,Date,Server,Connection')])
2025-07-20 00:10:24,944 - httpx - INFO - HTTP Request: POST https://api.telegram.org/bot7707158318:AAE8rWa4Q8Z_3avql6K0HAmXaooZAReoNF0/getUpdates "HTTP/1.1 200 OK"
2025-07-20 00:10:24,944 - httpcore.http11 - DEBUG - receive_response_body.started request=<Request [b'POST']>
2025-07-20 00:10:24,944 - httpcore.http11 - DEBUG - receive_response_body.complete
2025-07-20 00:10:24,944 - httpcore.http11 - DEBUG - response_closed.started
2025-07-20 00:10:24,946 - httpcore.http11 - DEBUG - response_closed.complete
2025-07-20 00:10:24,946 - telegram.ext.ExtBot - DEBUG - Getting updates: [37531236]
2025-07-20 00:10:24,948 - telegram.ext.ExtBot - DEBUG - (Update(callback_query=CallbackQuery(chat_instance='-1307310250263184334', data='status_sniperx', from_user=User(first_name='Ghost', id=7049055170, is_bot=False, language_code='en', last_name='Number1'), id='2605345313212089328', message=Message(channel_chat_created=False, chat=Chat(first_name='Ghost', id=7049055170, last_name='Number1', type=<ChatType.PRIVATE>), date=datetime.datetime(2025, 7, 19, 23, 10, 15, tzinfo=<UTC>), delete_chat_photo=False, from_user=User(first_name='SPRD', id=7707158318, is_bot=True, username='tizi91Bot'), group_chat_created=False, message_id=13933, reply_markup=InlineKeyboardMarkup(inline_keyboard=((InlineKeyboardButton(callback_data='start_sniperx', text='🚀 Start SniperX'),), (InlineKeyboardButton(callback_data='stop_sniperx', text='🛑 Stop SniperX'), InlineKeyboardButton(callback_data='status_sniperx', text='📊 Status')), (InlineKeyboardButton(callback_data='show_balance', text='💰 Balance'),))), supergroup_chat_created=False, text='SniperX Bot Control Panel:')), update_id=37531236),)
2025-07-20 00:10:24,948 - telegram.ext.ExtBot - DEBUG - Exiting: get_updates
2025-07-20 00:10:24,948 - telegram.ext.ExtBot - DEBUG - Entering: get_updates
2025-07-20 00:10:24,950 - telegram.ext.Application - DEBUG - Processing update Update(callback_query=CallbackQuery(chat_instance='-1307310250263184334', data='status_sniperx', from_user=User(first_name='Ghost', id=7049055170, is_bot=False, language_code='en', last_name='Number1'), id='2605345313212089328', message=Message(channel_chat_created=False, chat=Chat(first_name='Ghost', id=7049055170, last_name='Number1', type=<ChatType.PRIVATE>), date=datetime.datetime(2025, 7, 19, 23, 10, 15, tzinfo=<UTC>), delete_chat_photo=False, from_user=User(first_name='SPRD', id=7707158318, is_bot=True, username='tizi91Bot'), group_chat_created=False, message_id=13933, reply_markup=InlineKeyboardMarkup(inline_keyboard=((InlineKeyboardButton(callback_data='start_sniperx', text='🚀 Start SniperX'),), (InlineKeyboardButton(callback_data='stop_sniperx', text='🛑 Stop SniperX'), InlineKeyboardButton(callback_data='status_sniperx', text='📊 Status')), (InlineKeyboardButton(callback_data='show_balance', text='💰 Balance'),))), supergroup_chat_created=False, text='SniperX Bot Control Panel:')), update_id=37531236)
2025-07-20 00:10:24,951 - __main__ - INFO - Button callback received: Update(callback_query=CallbackQuery(chat_instance='-1307310250263184334', data='status_sniperx', from_user=User(first_name='Ghost', id=7049055170, is_bot=False, language_code='en', last_name='Number1'), id='2605345313212089328', message=Message(channel_chat_created=False, chat=Chat(first_name='Ghost', id=7049055170, last_name='Number1', type=<ChatType.PRIVATE>), date=datetime.datetime(2025, 7, 19, 23, 10, 15, tzinfo=<UTC>), delete_chat_photo=False, from_user=User(first_name='SPRD', id=7707158318, is_bot=True, username='tizi91Bot'), group_chat_created=False, message_id=13933, reply_markup=InlineKeyboardMarkup(inline_keyboard=((InlineKeyboardButton(callback_data='start_sniperx', text='🚀 Start SniperX'),), (InlineKeyboardButton(callback_data='stop_sniperx', text='🛑 Stop SniperX'), InlineKeyboardButton(callback_data='status_sniperx', text='📊 Status')), (InlineKeyboardButton(callback_data='show_balance', text='💰 Balance'),))), supergroup_chat_created=False, text='SniperX Bot Control Panel:')), update_id=37531236)
2025-07-20 00:10:24,951 - telegram.ext.ExtBot - DEBUG - Entering: answer_callback_query
2025-07-20 00:10:24,952 - httpcore.connection - DEBUG - close.started
2025-07-20 00:10:24,952 - httpcore.connection - DEBUG - close.complete
2025-07-20 00:10:24,953 - httpcore.http11 - DEBUG - send_request_headers.started request=<Request [b'POST']>
2025-07-20 00:10:24,954 - httpcore.connection - DEBUG - connect_tcp.started host='api.telegram.org' port=443 local_address=None timeout=5.0 socket_options=None
2025-07-20 00:10:24,954 - httpcore.http11 - DEBUG - send_request_headers.complete
2025-07-20 00:10:24,954 - httpcore.http11 - DEBUG - send_request_body.started request=<Request [b'POST']>
2025-07-20 00:10:24,955 - httpcore.http11 - DEBUG - send_request_body.complete
2025-07-20 00:10:24,955 - httpcore.http11 - DEBUG - receive_response_headers.started request=<Request [b'POST']>
2025-07-20 00:10:25,067 - httpcore.connection - DEBUG - connect_tcp.complete return_value=<httpcore._backends.anyio.AnyIOStream object at 0x000001D26E952CB0>
2025-07-20 00:10:25,068 - httpcore.connection - DEBUG - start_tls.started ssl_context=<ssl.SSLContext object at 0x000001D26D8684C0> server_hostname='api.telegram.org' timeout=5.0
2025-07-20 00:10:25,241 - httpcore.connection - DEBUG - start_tls.complete return_value=<httpcore._backends.anyio.AnyIOStream object at 0x000001D26E952890>
2025-07-20 00:10:25,242 - httpcore.http11 - DEBUG - send_request_headers.started request=<Request [b'POST']>
2025-07-20 00:10:25,242 - httpcore.http11 - DEBUG - send_request_headers.complete
2025-07-20 00:10:25,242 - httpcore.http11 - DEBUG - send_request_body.started request=<Request [b'POST']>
2025-07-20 00:10:25,243 - httpcore.http11 - DEBUG - send_request_body.complete
2025-07-20 00:10:25,243 - httpcore.http11 - DEBUG - receive_response_headers.started request=<Request [b'POST']>
2025-07-20 00:10:25,448 - httpcore.http11 - DEBUG - receive_response_headers.complete return_value=(b'HTTP/1.1', 200, b'OK', [(b'Server', b'nginx/1.18.0'), (b'Date', b'Sat, 19 Jul 2025 23:10:25 GMT'), (b'Content-Type', b'application/json'), (b'Content-Length', b'25'), (b'Connection', b'keep-alive'), (b'Strict-Transport-Security', b'max-age=31536000; includeSubDomains; preload'), (b'Access-Control-Allow-Origin', b'*'), (b'Access-Control-Allow-Methods', b'GET, POST, OPTIONS'), (b'Access-Control-Expose-Headers', b'Content-Length,Content-Type,Date,Server,Connection')])
2025-07-20 00:10:25,448 - httpx - INFO - HTTP Request: POST https://api.telegram.org/bot7707158318:AAE8rWa4Q8Z_3avql6K0HAmXaooZAReoNF0/answerCallbackQuery "HTTP/1.1 200 OK"
2025-07-20 00:10:25,448 - httpcore.http11 - DEBUG - receive_response_body.started request=<Request [b'POST']>
2025-07-20 00:10:25,450 - httpcore.http11 - DEBUG - receive_response_body.complete
2025-07-20 00:10:25,450 - httpcore.http11 - DEBUG - response_closed.started
2025-07-20 00:10:25,450 - httpcore.http11 - DEBUG - response_closed.complete
2025-07-20 00:10:25,451 - telegram.ext.ExtBot - DEBUG - True
2025-07-20 00:10:25,451 - telegram.ext.ExtBot - DEBUG - Exiting: answer_callback_query
2025-07-20 00:10:25,451 - __main__ - INFO - Processing action: status_sniperx
2025-07-20 00:10:25,451 - telegram.ext.ExtBot - DEBUG - Entering: edit_message_text
2025-07-20 00:10:25,452 - httpcore.http11 - DEBUG - send_request_headers.started request=<Request [b'POST']>
2025-07-20 00:10:25,452 - httpcore.http11 - DEBUG - send_request_headers.complete
2025-07-20 00:10:25,452 - httpcore.http11 - DEBUG - send_request_body.started request=<Request [b'POST']>
2025-07-20 00:10:25,453 - httpcore.http11 - DEBUG - send_request_body.complete
2025-07-20 00:10:25,453 - httpcore.http11 - DEBUG - receive_response_headers.started request=<Request [b'POST']>
2025-07-20 00:10:25,666 - httpcore.http11 - DEBUG - receive_response_headers.complete return_value=(b'HTTP/1.1', 200, b'OK', [(b'Server', b'nginx/1.18.0'), (b'Date', b'Sat, 19 Jul 2025 23:10:25 GMT'), (b'Content-Type', b'application/json'), (b'Content-Length', b'464'), (b'Connection', b'keep-alive'), (b'Strict-Transport-Security', b'max-age=31536000; includeSubDomains; preload'), (b'Access-Control-Allow-Origin', b'*'), (b'Access-Control-Allow-Methods', b'GET, POST, OPTIONS'), (b'Access-Control-Expose-Headers', b'Content-Length,Content-Type,Date,Server,Connection')])
2025-07-20 00:10:25,667 - httpx - INFO - HTTP Request: POST https://api.telegram.org/bot7707158318:AAE8rWa4Q8Z_3avql6K0HAmXaooZAReoNF0/editMessageText "HTTP/1.1 200 OK"
2025-07-20 00:10:25,668 - httpcore.http11 - DEBUG - receive_response_body.started request=<Request [b'POST']>
2025-07-20 00:10:25,669 - httpcore.http11 - DEBUG - receive_response_body.complete
2025-07-20 00:10:25,669 - httpcore.http11 - DEBUG - response_closed.started
2025-07-20 00:10:25,669 - httpcore.http11 - DEBUG - response_closed.complete
2025-07-20 00:10:25,671 - telegram.ext.ExtBot - DEBUG - Message(channel_chat_created=False, chat=Chat(first_name='Ghost', id=7049055170, last_name='Number1', type=<ChatType.PRIVATE>), date=datetime.datetime(2025, 7, 19, 23, 10, 15, tzinfo=<UTC>), delete_chat_photo=False, edit_date=datetime.datetime(2025, 7, 19, 23, 10, 25, tzinfo=<UTC>), entities=(MessageEntity(length=5, offset=8, type=<MessageEntityType.URL>),), from_user=User(first_name='SPRD', id=7707158318, is_bot=True, username='tizi91Bot'), group_chat_created=False, message_id=13933, reply_markup=InlineKeyboardMarkup(inline_keyboard=((InlineKeyboardButton(callback_data='back_to_menu', text='🔙 Back to Menu'),),)), supergroup_chat_created=False, text='SniperX V2.py is currently running (PID: 32704).')
2025-07-20 00:10:25,671 - telegram.ext.ExtBot - DEBUG - Exiting: edit_message_text
2025-07-20 00:10:28,100 - httpcore.http11 - DEBUG - receive_response_headers.complete return_value=(b'HTTP/1.1', 200, b'OK', [(b'Server', b'nginx/1.18.0'), (b'Date', b'Sat, 19 Jul 2025 23:10:27 GMT'), (b'Content-Type', b'application/json'), (b'Content-Length', b'711'), (b'Connection', b'keep-alive'), (b'Strict-Transport-Security', b'max-age=31536000; includeSubDomains; preload'), (b'Access-Control-Allow-Origin', b'*'), (b'Access-Control-Allow-Methods', b'GET, POST, OPTIONS'), (b'Access-Control-Expose-Headers', b'Content-Length,Content-Type,Date,Server,Connection')])
2025-07-20 00:10:28,101 - httpx - INFO - HTTP Request: POST https://api.telegram.org/bot7707158318:AAE8rWa4Q8Z_3avql6K0HAmXaooZAReoNF0/getUpdates "HTTP/1.1 200 OK"
2025-07-20 00:10:28,102 - httpcore.http11 - DEBUG - receive_response_body.started request=<Request [b'POST']>
2025-07-20 00:10:28,102 - httpcore.http11 - DEBUG - receive_response_body.complete
2025-07-20 00:10:28,102 - httpcore.http11 - DEBUG - response_closed.started
2025-07-20 00:10:28,102 - httpcore.http11 - DEBUG - response_closed.complete
2025-07-20 00:10:28,103 - telegram.ext.ExtBot - DEBUG - Getting updates: [37531237]
2025-07-20 00:10:28,103 - telegram.ext.ExtBot - DEBUG - (Update(callback_query=CallbackQuery(chat_instance='-1307310250263184334', data='back_to_menu', from_user=User(first_name='Ghost', id=7049055170, is_bot=False, language_code='en', last_name='Number1'), id='2605345316235385716', message=Message(channel_chat_created=False, chat=Chat(first_name='Ghost', id=7049055170, last_name='Number1', type=<ChatType.PRIVATE>), date=datetime.datetime(2025, 7, 19, 23, 10, 15, tzinfo=<UTC>), delete_chat_photo=False, edit_date=datetime.datetime(2025, 7, 19, 23, 10, 25, tzinfo=<UTC>), entities=(MessageEntity(length=5, offset=8, type=<MessageEntityType.URL>),), from_user=User(first_name='SPRD', id=7707158318, is_bot=True, username='tizi91Bot'), group_chat_created=False, message_id=13933, reply_markup=InlineKeyboardMarkup(inline_keyboard=((InlineKeyboardButton(callback_data='back_to_menu', text='🔙 Back to Menu'),),)), supergroup_chat_created=False, text='SniperX V2.py is currently running (PID: 32704).')), update_id=37531237),)
2025-07-20 00:10:28,104 - telegram.ext.ExtBot - DEBUG - Exiting: get_updates
2025-07-20 00:10:28,104 - telegram.ext.ExtBot - DEBUG - Entering: get_updates
2025-07-20 00:10:28,104 - telegram.ext.Application - DEBUG - Processing update Update(callback_query=CallbackQuery(chat_instance='-1307310250263184334', data='back_to_menu', from_user=User(first_name='Ghost', id=7049055170, is_bot=False, language_code='en', last_name='Number1'), id='2605345316235385716', message=Message(channel_chat_created=False, chat=Chat(first_name='Ghost', id=7049055170, last_name='Number1', type=<ChatType.PRIVATE>), date=datetime.datetime(2025, 7, 19, 23, 10, 15, tzinfo=<UTC>), delete_chat_photo=False, edit_date=datetime.datetime(2025, 7, 19, 23, 10, 25, tzinfo=<UTC>), entities=(MessageEntity(length=5, offset=8, type=<MessageEntityType.URL>),), from_user=User(first_name='SPRD', id=7707158318, is_bot=True, username='tizi91Bot'), group_chat_created=False, message_id=13933, reply_markup=InlineKeyboardMarkup(inline_keyboard=((InlineKeyboardButton(callback_data='back_to_menu', text='🔙 Back to Menu'),),)), supergroup_chat_created=False, text='SniperX V2.py is currently running (PID: 32704).')), update_id=37531237)
2025-07-20 00:10:28,106 - __main__ - INFO - Button callback received: Update(callback_query=CallbackQuery(chat_instance='-1307310250263184334', data='back_to_menu', from_user=User(first_name='Ghost', id=7049055170, is_bot=False, language_code='en', last_name='Number1'), id='2605345316235385716', message=Message(channel_chat_created=False, chat=Chat(first_name='Ghost', id=7049055170, last_name='Number1', type=<ChatType.PRIVATE>), date=datetime.datetime(2025, 7, 19, 23, 10, 15, tzinfo=<UTC>), delete_chat_photo=False, edit_date=datetime.datetime(2025, 7, 19, 23, 10, 25, tzinfo=<UTC>), entities=(MessageEntity(length=5, offset=8, type=<MessageEntityType.URL>),), from_user=User(first_name='SPRD', id=7707158318, is_bot=True, username='tizi91Bot'), group_chat_created=False, message_id=13933, reply_markup=InlineKeyboardMarkup(inline_keyboard=((InlineKeyboardButton(callback_data='back_to_menu', text='🔙 Back to Menu'),),)), supergroup_chat_created=False, text='SniperX V2.py is currently running (PID: 32704).')), update_id=37531237)
2025-07-20 00:10:28,106 - telegram.ext.ExtBot - DEBUG - Entering: answer_callback_query
2025-07-20 00:10:28,107 - httpcore.http11 - DEBUG - send_request_headers.started request=<Request [b'POST']>
2025-07-20 00:10:28,108 - httpcore.http11 - DEBUG - send_request_headers.started request=<Request [b'POST']>
2025-07-20 00:10:28,108 - httpcore.http11 - DEBUG - send_request_headers.complete
2025-07-20 00:10:28,108 - httpcore.http11 - DEBUG - send_request_body.started request=<Request [b'POST']>
2025-07-20 00:10:28,108 - httpcore.http11 - DEBUG - send_request_headers.complete
2025-07-20 00:10:28,108 - httpcore.http11 - DEBUG - send_request_body.started request=<Request [b'POST']>
2025-07-20 00:10:28,108 - httpcore.http11 - DEBUG - send_request_body.complete
2025-07-20 00:10:28,108 - httpcore.http11 - DEBUG - receive_response_headers.started request=<Request [b'POST']>
2025-07-20 00:10:28,110 - httpcore.http11 - DEBUG - send_request_body.complete
2025-07-20 00:10:28,110 - httpcore.http11 - DEBUG - receive_response_headers.started request=<Request [b'POST']>
2025-07-20 00:10:28,312 - httpcore.http11 - DEBUG - receive_response_headers.complete return_value=(b'HTTP/1.1', 200, b'OK', [(b'Server', b'nginx/1.18.0'), (b'Date', b'Sat, 19 Jul 2025 23:10:28 GMT'), (b'Content-Type', b'application/json'), (b'Content-Length', b'25'), (b'Connection', b'keep-alive'), (b'Strict-Transport-Security', b'max-age=31536000; includeSubDomains; preload'), (b'Access-Control-Allow-Origin', b'*'), (b'Access-Control-Allow-Methods', b'GET, POST, OPTIONS'), (b'Access-Control-Expose-Headers', b'Content-Length,Content-Type,Date,Server,Connection')])
2025-07-20 00:10:28,313 - httpx - INFO - HTTP Request: POST https://api.telegram.org/bot7707158318:AAE8rWa4Q8Z_3avql6K0HAmXaooZAReoNF0/answerCallbackQuery "HTTP/1.1 200 OK"
2025-07-20 00:10:28,314 - httpcore.http11 - DEBUG - receive_response_body.started request=<Request [b'POST']>
2025-07-20 00:10:28,314 - httpcore.http11 - DEBUG - receive_response_body.complete
2025-07-20 00:10:28,315 - httpcore.http11 - DEBUG - response_closed.started
2025-07-20 00:10:28,315 - httpcore.http11 - DEBUG - response_closed.complete
2025-07-20 00:10:28,315 - telegram.ext.ExtBot - DEBUG - True
2025-07-20 00:10:28,315 - telegram.ext.ExtBot - DEBUG - Exiting: answer_callback_query
2025-07-20 00:10:28,316 - __main__ - INFO - Processing action: back_to_menu
2025-07-20 00:10:28,316 - telegram.ext.ExtBot - DEBUG - Entering: edit_message_text
2025-07-20 00:10:28,318 - httpcore.http11 - DEBUG - send_request_headers.started request=<Request [b'POST']>
2025-07-20 00:10:28,318 - httpcore.http11 - DEBUG - send_request_headers.complete
2025-07-20 00:10:28,318 - httpcore.http11 - DEBUG - send_request_body.started request=<Request [b'POST']>
2025-07-20 00:10:28,320 - httpcore.http11 - DEBUG - send_request_body.complete
2025-07-20 00:10:28,320 - httpcore.http11 - DEBUG - receive_response_headers.started request=<Request [b'POST']>
2025-07-20 00:10:28,551 - httpcore.http11 - DEBUG - receive_response_headers.complete return_value=(b'HTTP/1.1', 200, b'OK', [(b'Server', b'nginx/1.18.0'), (b'Date', b'Sat, 19 Jul 2025 23:10:28 GMT'), (b'Content-Type', b'application/json'), (b'Content-Length', b'593'), (b'Connection', b'keep-alive'), (b'Strict-Transport-Security', b'max-age=31536000; includeSubDomains; preload'), (b'Access-Control-Allow-Origin', b'*'), (b'Access-Control-Allow-Methods', b'GET, POST, OPTIONS'), (b'Access-Control-Expose-Headers', b'Content-Length,Content-Type,Date,Server,Connection')])
2025-07-20 00:10:28,551 - httpx - INFO - HTTP Request: POST https://api.telegram.org/bot7707158318:AAE8rWa4Q8Z_3avql6K0HAmXaooZAReoNF0/editMessageText "HTTP/1.1 200 OK"
2025-07-20 00:10:28,552 - httpcore.http11 - DEBUG - receive_response_body.started request=<Request [b'POST']>
2025-07-20 00:10:28,553 - httpcore.http11 - DEBUG - receive_response_body.complete
2025-07-20 00:10:28,553 - httpcore.http11 - DEBUG - response_closed.started
2025-07-20 00:10:28,553 - httpcore.http11 - DEBUG - response_closed.complete
2025-07-20 00:10:28,554 - telegram.ext.ExtBot - DEBUG - Message(channel_chat_created=False, chat=Chat(first_name='Ghost', id=7049055170, last_name='Number1', type=<ChatType.PRIVATE>), date=datetime.datetime(2025, 7, 19, 23, 10, 15, tzinfo=<UTC>), delete_chat_photo=False, edit_date=datetime.datetime(2025, 7, 19, 23, 10, 28, tzinfo=<UTC>), from_user=User(first_name='SPRD', id=7707158318, is_bot=True, username='tizi91Bot'), group_chat_created=False, message_id=13933, reply_markup=InlineKeyboardMarkup(inline_keyboard=((InlineKeyboardButton(callback_data='start_sniperx', text='🚀 Start SniperX'),), (InlineKeyboardButton(callback_data='stop_sniperx', text='🛑 Stop SniperX'), InlineKeyboardButton(callback_data='status_sniperx', text='📊 Status')), (InlineKeyboardButton(callback_data='show_balance', text='💰 Balance'),))), supergroup_chat_created=False, text='SniperX Bot Control Panel:')
2025-07-20 00:10:28,554 - telegram.ext.ExtBot - DEBUG - Exiting: edit_message_text
2025-07-20 00:10:30,514 - httpcore.http11 - DEBUG - receive_response_headers.complete return_value=(b'HTTP/1.1', 200, b'OK', [(b'Server', b'nginx/1.18.0'), (b'Date', b'Sat, 19 Jul 2025 23:10:30 GMT'), (b'Content-Type', b'application/json'), (b'Content-Length', b'840'), (b'Connection', b'keep-alive'), (b'Strict-Transport-Security', b'max-age=31536000; includeSubDomains; preload'), (b'Access-Control-Allow-Origin', b'*'), (b'Access-Control-Allow-Methods', b'GET, POST, OPTIONS'), (b'Access-Control-Expose-Headers', b'Content-Length,Content-Type,Date,Server,Connection')])
2025-07-20 00:10:30,514 - httpx - INFO - HTTP Request: POST https://api.telegram.org/bot7707158318:AAE8rWa4Q8Z_3avql6K0HAmXaooZAReoNF0/getUpdates "HTTP/1.1 200 OK"
2025-07-20 00:10:30,515 - httpcore.http11 - DEBUG - receive_response_body.started request=<Request [b'POST']>
2025-07-20 00:10:30,515 - httpcore.http11 - DEBUG - receive_response_body.complete
2025-07-20 00:10:30,515 - httpcore.http11 - DEBUG - response_closed.started
2025-07-20 00:10:30,515 - httpcore.http11 - DEBUG - response_closed.complete
2025-07-20 00:10:30,515 - telegram.ext.ExtBot - DEBUG - Getting updates: [37531238]
2025-07-20 00:10:30,516 - telegram.ext.ExtBot - DEBUG - (Update(callback_query=CallbackQuery(chat_instance='-1307310250263184334', data='show_balance', from_user=User(first_name='Ghost', id=7049055170, is_bot=False, language_code='en', last_name='Number1'), id='2605345313247926490', message=Message(channel_chat_created=False, chat=Chat(first_name='Ghost', id=7049055170, last_name='Number1', type=<ChatType.PRIVATE>), date=datetime.datetime(2025, 7, 19, 23, 10, 15, tzinfo=<UTC>), delete_chat_photo=False, edit_date=datetime.datetime(2025, 7, 19, 23, 10, 28, tzinfo=<UTC>), from_user=User(first_name='SPRD', id=7707158318, is_bot=True, username='tizi91Bot'), group_chat_created=False, message_id=13933, reply_markup=InlineKeyboardMarkup(inline_keyboard=((InlineKeyboardButton(callback_data='start_sniperx', text='🚀 Start SniperX'),), (InlineKeyboardButton(callback_data='stop_sniperx', text='🛑 Stop SniperX'), InlineKeyboardButton(callback_data='status_sniperx', text='📊 Status')), (InlineKeyboardButton(callback_data='show_balance', text='💰 Balance'),))), supergroup_chat_created=False, text='SniperX Bot Control Panel:')), update_id=37531238),)
2025-07-20 00:10:30,516 - telegram.ext.ExtBot - DEBUG - Exiting: get_updates
2025-07-20 00:10:30,516 - telegram.ext.ExtBot - DEBUG - Entering: get_updates
2025-07-20 00:10:30,517 - telegram.ext.Application - DEBUG - Processing update Update(callback_query=CallbackQuery(chat_instance='-1307310250263184334', data='show_balance', from_user=User(first_name='Ghost', id=7049055170, is_bot=False, language_code='en', last_name='Number1'), id='2605345313247926490', message=Message(channel_chat_created=False, chat=Chat(first_name='Ghost', id=7049055170, last_name='Number1', type=<ChatType.PRIVATE>), date=datetime.datetime(2025, 7, 19, 23, 10, 15, tzinfo=<UTC>), delete_chat_photo=False, edit_date=datetime.datetime(2025, 7, 19, 23, 10, 28, tzinfo=<UTC>), from_user=User(first_name='SPRD', id=7707158318, is_bot=True, username='tizi91Bot'), group_chat_created=False, message_id=13933, reply_markup=InlineKeyboardMarkup(inline_keyboard=((InlineKeyboardButton(callback_data='start_sniperx', text='🚀 Start SniperX'),), (InlineKeyboardButton(callback_data='stop_sniperx', text='🛑 Stop SniperX'), InlineKeyboardButton(callback_data='status_sniperx', text='📊 Status')), (InlineKeyboardButton(callback_data='show_balance', text='💰 Balance'),))), supergroup_chat_created=False, text='SniperX Bot Control Panel:')), update_id=37531238)
2025-07-20 00:10:30,517 - __main__ - INFO - Button callback received: Update(callback_query=CallbackQuery(chat_instance='-1307310250263184334', data='show_balance', from_user=User(first_name='Ghost', id=7049055170, is_bot=False, language_code='en', last_name='Number1'), id='2605345313247926490', message=Message(channel_chat_created=False, chat=Chat(first_name='Ghost', id=7049055170, last_name='Number1', type=<ChatType.PRIVATE>), date=datetime.datetime(2025, 7, 19, 23, 10, 15, tzinfo=<UTC>), delete_chat_photo=False, edit_date=datetime.datetime(2025, 7, 19, 23, 10, 28, tzinfo=<UTC>), from_user=User(first_name='SPRD', id=7707158318, is_bot=True, username='tizi91Bot'), group_chat_created=False, message_id=13933, reply_markup=InlineKeyboardMarkup(inline_keyboard=((InlineKeyboardButton(callback_data='start_sniperx', text='🚀 Start SniperX'),), (InlineKeyboardButton(callback_data='stop_sniperx', text='🛑 Stop SniperX'), InlineKeyboardButton(callback_data='status_sniperx', text='📊 Status')), (InlineKeyboardButton(callback_data='show_balance', text='💰 Balance'),))), supergroup_chat_created=False, text='SniperX Bot Control Panel:')), update_id=37531238)
2025-07-20 00:10:30,518 - telegram.ext.ExtBot - DEBUG - Entering: answer_callback_query
2025-07-20 00:10:30,519 - httpcore.http11 - DEBUG - send_request_headers.started request=<Request [b'POST']>
2025-07-20 00:10:30,519 - httpcore.http11 - DEBUG - send_request_headers.started request=<Request [b'POST']>
2025-07-20 00:10:30,520 - httpcore.http11 - DEBUG - send_request_headers.complete
2025-07-20 00:10:30,520 - httpcore.http11 - DEBUG - send_request_body.started request=<Request [b'POST']>
2025-07-20 00:10:30,521 - httpcore.http11 - DEBUG - send_request_headers.complete
2025-07-20 00:10:30,521 - httpcore.http11 - DEBUG - send_request_body.started request=<Request [b'POST']>
2025-07-20 00:10:30,521 - httpcore.http11 - DEBUG - send_request_body.complete
2025-07-20 00:10:30,521 - httpcore.http11 - DEBUG - receive_response_headers.started request=<Request [b'POST']>
2025-07-20 00:10:30,521 - httpcore.http11 - DEBUG - send_request_body.complete
2025-07-20 00:10:30,521 - httpcore.http11 - DEBUG - receive_response_headers.started request=<Request [b'POST']>
2025-07-20 00:10:30,750 - httpcore.http11 - DEBUG - receive_response_headers.complete return_value=(b'HTTP/1.1', 200, b'OK', [(b'Server', b'nginx/1.18.0'), (b'Date', b'Sat, 19 Jul 2025 23:10:30 GMT'), (b'Content-Type', b'application/json'), (b'Content-Length', b'25'), (b'Connection', b'keep-alive'), (b'Strict-Transport-Security', b'max-age=31536000; includeSubDomains; preload'), (b'Access-Control-Allow-Origin', b'*'), (b'Access-Control-Allow-Methods', b'GET, POST, OPTIONS'), (b'Access-Control-Expose-Headers', b'Content-Length,Content-Type,Date,Server,Connection')])
2025-07-20 00:10:30,750 - httpx - INFO - HTTP Request: POST https://api.telegram.org/bot7707158318:AAE8rWa4Q8Z_3avql6K0HAmXaooZAReoNF0/answerCallbackQuery "HTTP/1.1 200 OK"
2025-07-20 00:10:30,751 - httpcore.http11 - DEBUG - receive_response_body.started request=<Request [b'POST']>
2025-07-20 00:10:30,751 - httpcore.http11 - DEBUG - receive_response_body.complete
2025-07-20 00:10:30,751 - httpcore.http11 - DEBUG - response_closed.started
2025-07-20 00:10:30,751 - httpcore.http11 - DEBUG - response_closed.complete
2025-07-20 00:10:30,752 - telegram.ext.ExtBot - DEBUG - True
2025-07-20 00:10:30,752 - telegram.ext.ExtBot - DEBUG - Exiting: answer_callback_query
2025-07-20 00:10:30,752 - __main__ - INFO - Processing action: show_balance
2025-07-20 00:10:30,752 - __main__ - INFO - Processing show_balance action
2025-07-20 00:10:30,752 - __main__ - INFO - Reading wallet balance from: C:\Users\Rachid Aitali\OneDrive - 4JM Solutions Limited\Desktop\SniperX-V3-Best-Version-at-now\SniperX-V3-Best-Version-at-now\SniperX-Dev\wallet_balance.json
2025-07-20 00:10:30,754 - __main__ - DEBUG - Raw wallet balance data: {'sol': '0.001611443', 'usd': '0.28454860494', 'sol_price': '176.58', 'timestamp': 1752966615.386664}
2025-07-20 00:10:30,755 - __main__ - INFO - Successfully read balance - SOL: 0.001611443, USD: 0.28454860494, Age: 0.3 minutes
2025-07-20 00:10:30,764 - __main__ - INFO - Current balance after read: {'sol': Decimal('0.001611443'), 'usd': Decimal('0.28454860494'), 'timestamp': 1752966615.386664}
2025-07-20 00:10:30,764 - __main__ - INFO - Wallet manager not running, attempting to start it
2025-07-20 00:10:30,766 - __main__ - INFO - Starting wallet manager from: C:\Users\Rachid Aitali\OneDrive - 4JM Solutions Limited\Desktop\SniperX-V3-Best-Version-at-now\SniperX-V3-Best-Version-at-now\SniperX-Dev\wallet_manager.py
2025-07-20 00:10:30,784 - __main__ - INFO - Wallet manager started with PID: 15092
2025-07-20 00:10:32,798 - __main__ - INFO - Wallet manager started successfully, reading balance...
2025-07-20 00:10:32,799 - __main__ - INFO - Reading wallet balance from: C:\Users\Rachid Aitali\OneDrive - 4JM Solutions Limited\Desktop\SniperX-V3-Best-Version-at-now\SniperX-V3-Best-Version-at-now\SniperX-Dev\wallet_balance.json
2025-07-20 00:10:32,810 - __main__ - DEBUG - Raw wallet balance data: {'sol': '0.001611443', 'usd': '0.28454860494', 'sol_price': '176.58', 'timestamp': 1752966632.7051642}
2025-07-20 00:10:32,811 - __main__ - INFO - Successfully read balance - SOL: 0.001611443, USD: 0.28454860494, Age: 0.0 minutes
2025-07-20 00:10:32,811 - __main__ - INFO - Balance after wallet manager start: {'sol': Decimal('0.001611443'), 'usd': Decimal('0.28454860494'), 'timestamp': 1752966632.7051642}
2025-07-20 00:10:32,812 - __main__ - INFO - Balance retrieved successfully
2025-07-20 00:10:32,813 - telegram.ext.ExtBot - DEBUG - Entering: edit_message_text
2025-07-20 00:10:32,815 - httpcore.http11 - DEBUG - send_request_headers.started request=<Request [b'POST']>
2025-07-20 00:10:32,816 - httpcore.http11 - DEBUG - send_request_headers.complete
2025-07-20 00:10:32,816 - httpcore.http11 - DEBUG - send_request_body.started request=<Request [b'POST']>
2025-07-20 00:10:32,817 - httpcore.http11 - DEBUG - send_request_body.complete
2025-07-20 00:10:32,817 - httpcore.http11 - DEBUG - receive_response_headers.started request=<Request [b'POST']>
2025-07-20 00:10:32,997 - httpcore.http11 - DEBUG - receive_response_headers.complete return_value=(b'HTTP/1.1', 200, b'OK', [(b'Server', b'nginx/1.18.0'), (b'Date', b'Sat, 19 Jul 2025 23:10:32 GMT'), (b'Content-Type', b'application/json'), (b'Content-Length', b'497'), (b'Connection', b'keep-alive'), (b'Strict-Transport-Security', b'max-age=31536000; includeSubDomains; preload'), (b'Access-Control-Allow-Origin', b'*'), (b'Access-Control-Allow-Methods', b'GET, POST, OPTIONS'), (b'Access-Control-Expose-Headers', b'Content-Length,Content-Type,Date,Server,Connection')])
2025-07-20 00:10:32,998 - httpx - INFO - HTTP Request: POST https://api.telegram.org/bot7707158318:AAE8rWa4Q8Z_3avql6K0HAmXaooZAReoNF0/editMessageText "HTTP/1.1 200 OK"
2025-07-20 00:10:33,000 - httpcore.http11 - DEBUG - receive_response_body.started request=<Request [b'POST']>
2025-07-20 00:10:33,001 - httpcore.http11 - DEBUG - receive_response_body.complete
2025-07-20 00:10:33,001 - httpcore.http11 - DEBUG - response_closed.started
2025-07-20 00:10:33,001 - httpcore.http11 - DEBUG - response_closed.complete
2025-07-20 00:10:33,002 - telegram.ext.ExtBot - DEBUG - Message(channel_chat_created=False, chat=Chat(first_name='Ghost', id=7049055170, last_name='Number1', type=<ChatType.PRIVATE>), date=datetime.datetime(2025, 7, 19, 23, 10, 15, tzinfo=<UTC>), delete_chat_photo=False, edit_date=datetime.datetime(2025, 7, 19, 23, 10, 32, tzinfo=<UTC>), from_user=User(first_name='SPRD', id=7707158318, is_bot=True, username='tizi91Bot'), group_chat_created=False, message_id=13933, reply_markup=InlineKeyboardMarkup(inline_keyboard=((InlineKeyboardButton(callback_data='show_balance', text='🔄 Refresh'), InlineKeyboardButton(callback_data='back_to_menu', text='🔙 Back to Menu')),)), supergroup_chat_created=False, text='Current Balance:\nSOL: 0.001611\nUSD: $0.28\n\nLast Update: 00:10:32')
2025-07-20 00:10:33,002 - telegram.ext.ExtBot - DEBUG - Exiting: edit_message_text
2025-07-20 00:10:35,250 - httpcore.http11 - DEBUG - receive_response_headers.complete return_value=(b'HTTP/1.1', 200, b'OK', [(b'Server', b'nginx/1.18.0'), (b'Date', b'Sat, 19 Jul 2025 23:10:35 GMT'), (b'Content-Type', b'application/json'), (b'Content-Length', b'744'), (b'Connection', b'keep-alive'), (b'Strict-Transport-Security', b'max-age=31536000; includeSubDomains; preload'), (b'Access-Control-Allow-Origin', b'*'), (b'Access-Control-Allow-Methods', b'GET, POST, OPTIONS'), (b'Access-Control-Expose-Headers', b'Content-Length,Content-Type,Date,Server,Connection')])
2025-07-20 00:10:35,252 - httpx - INFO - HTTP Request: POST https://api.telegram.org/bot7707158318:AAE8rWa4Q8Z_3avql6K0HAmXaooZAReoNF0/getUpdates "HTTP/1.1 200 OK"
2025-07-20 00:10:35,252 - httpcore.http11 - DEBUG - receive_response_body.started request=<Request [b'POST']>
2025-07-20 00:10:35,252 - httpcore.http11 - DEBUG - receive_response_body.complete
2025-07-20 00:10:35,253 - httpcore.http11 - DEBUG - response_closed.started
2025-07-20 00:10:35,253 - httpcore.http11 - DEBUG - response_closed.complete
2025-07-20 00:10:35,254 - telegram.ext.ExtBot - DEBUG - Getting updates: [37531239]
2025-07-20 00:10:35,254 - telegram.ext.ExtBot - DEBUG - (Update(callback_query=CallbackQuery(chat_instance='-1307310250263184334', data='back_to_menu', from_user=User(first_name='Ghost', id=7049055170, is_bot=False, language_code='en', last_name='Number1'), id='2605345316230667710', message=Message(channel_chat_created=False, chat=Chat(first_name='Ghost', id=7049055170, last_name='Number1', type=<ChatType.PRIVATE>), date=datetime.datetime(2025, 7, 19, 23, 10, 15, tzinfo=<UTC>), delete_chat_photo=False, edit_date=datetime.datetime(2025, 7, 19, 23, 10, 32, tzinfo=<UTC>), from_user=User(first_name='SPRD', id=7707158318, is_bot=True, username='tizi91Bot'), group_chat_created=False, message_id=13933, reply_markup=InlineKeyboardMarkup(inline_keyboard=((InlineKeyboardButton(callback_data='show_balance', text='🔄 Refresh'), InlineKeyboardButton(callback_data='back_to_menu', text='🔙 Back to Menu')),)), supergroup_chat_created=False, text='Current Balance:\nSOL: 0.001611\nUSD: $0.28\n\nLast Update: 00:10:32')), update_id=37531239),)
2025-07-20 00:10:35,256 - telegram.ext.ExtBot - DEBUG - Exiting: get_updates
2025-07-20 00:10:35,256 - telegram.ext.ExtBot - DEBUG - Entering: get_updates
2025-07-20 00:10:35,258 - telegram.ext.Application - DEBUG - Processing update Update(callback_query=CallbackQuery(chat_instance='-1307310250263184334', data='back_to_menu', from_user=User(first_name='Ghost', id=7049055170, is_bot=False, language_code='en', last_name='Number1'), id='2605345316230667710', message=Message(channel_chat_created=False, chat=Chat(first_name='Ghost', id=7049055170, last_name='Number1', type=<ChatType.PRIVATE>), date=datetime.datetime(2025, 7, 19, 23, 10, 15, tzinfo=<UTC>), delete_chat_photo=False, edit_date=datetime.datetime(2025, 7, 19, 23, 10, 32, tzinfo=<UTC>), from_user=User(first_name='SPRD', id=7707158318, is_bot=True, username='tizi91Bot'), group_chat_created=False, message_id=13933, reply_markup=InlineKeyboardMarkup(inline_keyboard=((InlineKeyboardButton(callback_data='show_balance', text='🔄 Refresh'), InlineKeyboardButton(callback_data='back_to_menu', text='🔙 Back to Menu')),)), supergroup_chat_created=False, text='Current Balance:\nSOL: 0.001611\nUSD: $0.28\n\nLast Update: 00:10:32')), update_id=37531239)
2025-07-20 00:10:35,259 - __main__ - INFO - Button callback received: Update(callback_query=CallbackQuery(chat_instance='-1307310250263184334', data='back_to_menu', from_user=User(first_name='Ghost', id=7049055170, is_bot=False, language_code='en', last_name='Number1'), id='2605345316230667710', message=Message(channel_chat_created=False, chat=Chat(first_name='Ghost', id=7049055170, last_name='Number1', type=<ChatType.PRIVATE>), date=datetime.datetime(2025, 7, 19, 23, 10, 15, tzinfo=<UTC>), delete_chat_photo=False, edit_date=datetime.datetime(2025, 7, 19, 23, 10, 32, tzinfo=<UTC>), from_user=User(first_name='SPRD', id=7707158318, is_bot=True, username='tizi91Bot'), group_chat_created=False, message_id=13933, reply_markup=InlineKeyboardMarkup(inline_keyboard=((InlineKeyboardButton(callback_data='show_balance', text='🔄 Refresh'), InlineKeyboardButton(callback_data='back_to_menu', text='🔙 Back to Menu')),)), supergroup_chat_created=False, text='Current Balance:\nSOL: 0.001611\nUSD: $0.28\n\nLast Update: 00:10:32')), update_id=37531239)
2025-07-20 00:10:35,259 - telegram.ext.ExtBot - DEBUG - Entering: answer_callback_query
2025-07-20 00:10:35,260 - httpcore.http11 - DEBUG - send_request_headers.started request=<Request [b'POST']>
2025-07-20 00:10:35,261 - httpcore.http11 - DEBUG - send_request_headers.started request=<Request [b'POST']>
2025-07-20 00:10:35,262 - httpcore.http11 - DEBUG - send_request_headers.complete
2025-07-20 00:10:35,263 - httpcore.http11 - DEBUG - send_request_body.started request=<Request [b'POST']>
2025-07-20 00:10:35,264 - httpcore.http11 - DEBUG - send_request_headers.complete
2025-07-20 00:10:35,265 - httpcore.http11 - DEBUG - send_request_body.started request=<Request [b'POST']>
2025-07-20 00:10:35,265 - httpcore.http11 - DEBUG - send_request_body.complete
2025-07-20 00:10:35,265 - httpcore.http11 - DEBUG - receive_response_headers.started request=<Request [b'POST']>
2025-07-20 00:10:35,266 - httpcore.http11 - DEBUG - send_request_body.complete
2025-07-20 00:10:35,266 - httpcore.http11 - DEBUG - receive_response_headers.started request=<Request [b'POST']>
2025-07-20 00:10:35,444 - httpcore.http11 - DEBUG - receive_response_headers.complete return_value=(b'HTTP/1.1', 200, b'OK', [(b'Server', b'nginx/1.18.0'), (b'Date', b'Sat, 19 Jul 2025 23:10:35 GMT'), (b'Content-Type', b'application/json'), (b'Content-Length', b'25'), (b'Connection', b'keep-alive'), (b'Strict-Transport-Security', b'max-age=31536000; includeSubDomains; preload'), (b'Access-Control-Allow-Origin', b'*'), (b'Access-Control-Allow-Methods', b'GET, POST, OPTIONS'), (b'Access-Control-Expose-Headers', b'Content-Length,Content-Type,Date,Server,Connection')])
2025-07-20 00:10:35,446 - httpx - INFO - HTTP Request: POST https://api.telegram.org/bot7707158318:AAE8rWa4Q8Z_3avql6K0HAmXaooZAReoNF0/answerCallbackQuery "HTTP/1.1 200 OK"
2025-07-20 00:10:35,446 - httpcore.http11 - DEBUG - receive_response_body.started request=<Request [b'POST']>
2025-07-20 00:10:35,446 - httpcore.http11 - DEBUG - receive_response_body.complete
2025-07-20 00:10:35,446 - httpcore.http11 - DEBUG - response_closed.started
2025-07-20 00:10:35,447 - httpcore.http11 - DEBUG - response_closed.complete
2025-07-20 00:10:35,447 - telegram.ext.ExtBot - DEBUG - True
2025-07-20 00:10:35,447 - telegram.ext.ExtBot - DEBUG - Exiting: answer_callback_query
2025-07-20 00:10:35,447 - __main__ - INFO - Processing action: back_to_menu
2025-07-20 00:10:35,448 - telegram.ext.ExtBot - DEBUG - Entering: edit_message_text
2025-07-20 00:10:35,449 - httpcore.http11 - DEBUG - send_request_headers.started request=<Request [b'POST']>
2025-07-20 00:10:35,450 - httpcore.http11 - DEBUG - send_request_headers.complete
2025-07-20 00:10:35,450 - httpcore.http11 - DEBUG - send_request_body.started request=<Request [b'POST']>
2025-07-20 00:10:35,451 - httpcore.http11 - DEBUG - send_request_body.complete
2025-07-20 00:10:35,451 - httpcore.http11 - DEBUG - receive_response_headers.started request=<Request [b'POST']>
2025-07-20 00:10:35,634 - httpcore.http11 - DEBUG - receive_response_headers.complete return_value=(b'HTTP/1.1', 200, b'OK', [(b'Server', b'nginx/1.18.0'), (b'Date', b'Sat, 19 Jul 2025 23:10:35 GMT'), (b'Content-Type', b'application/json'), (b'Content-Length', b'593'), (b'Connection', b'keep-alive'), (b'Strict-Transport-Security', b'max-age=31536000; includeSubDomains; preload'), (b'Access-Control-Allow-Origin', b'*'), (b'Access-Control-Allow-Methods', b'GET, POST, OPTIONS'), (b'Access-Control-Expose-Headers', b'Content-Length,Content-Type,Date,Server,Connection')])
2025-07-20 00:10:35,635 - httpx - INFO - HTTP Request: POST https://api.telegram.org/bot7707158318:AAE8rWa4Q8Z_3avql6K0HAmXaooZAReoNF0/editMessageText "HTTP/1.1 200 OK"
2025-07-20 00:10:35,636 - httpcore.http11 - DEBUG - receive_response_body.started request=<Request [b'POST']>
2025-07-20 00:10:35,636 - httpcore.http11 - DEBUG - receive_response_body.complete
2025-07-20 00:10:35,636 - httpcore.http11 - DEBUG - response_closed.started
2025-07-20 00:10:35,637 - httpcore.http11 - DEBUG - response_closed.complete
2025-07-20 00:10:35,639 - telegram.ext.ExtBot - DEBUG - Message(channel_chat_created=False, chat=Chat(first_name='Ghost', id=7049055170, last_name='Number1', type=<ChatType.PRIVATE>), date=datetime.datetime(2025, 7, 19, 23, 10, 15, tzinfo=<UTC>), delete_chat_photo=False, edit_date=datetime.datetime(2025, 7, 19, 23, 10, 35, tzinfo=<UTC>), from_user=User(first_name='SPRD', id=7707158318, is_bot=True, username='tizi91Bot'), group_chat_created=False, message_id=13933, reply_markup=InlineKeyboardMarkup(inline_keyboard=((InlineKeyboardButton(callback_data='start_sniperx', text='🚀 Start SniperX'),), (InlineKeyboardButton(callback_data='stop_sniperx', text='🛑 Stop SniperX'), InlineKeyboardButton(callback_data='status_sniperx', text='📊 Status')), (InlineKeyboardButton(callback_data='show_balance', text='💰 Balance'),))), supergroup_chat_created=False, text='SniperX Bot Control Panel:')
2025-07-20 00:10:35,639 - telegram.ext.ExtBot - DEBUG - Exiting: edit_message_text
2025-07-20 00:10:45,401 - httpcore.http11 - DEBUG - receive_response_headers.complete return_value=(b'HTTP/1.1', 200, b'OK', [(b'Server', b'nginx/1.18.0'), (b'Date', b'Sat, 19 Jul 2025 23:10:45 GMT'), (b'Content-Type', b'application/json'), (b'Content-Length', b'23'), (b'Connection', b'keep-alive'), (b'Strict-Transport-Security', b'max-age=31536000; includeSubDomains; preload'), (b'Access-Control-Allow-Origin', b'*'), (b'Access-Control-Allow-Methods', b'GET, POST, OPTIONS'), (b'Access-Control-Expose-Headers', b'Content-Length,Content-Type,Date,Server,Connection')])
2025-07-20 00:10:45,402 - httpx - INFO - HTTP Request: POST https://api.telegram.org/bot7707158318:AAE8rWa4Q8Z_3avql6K0HAmXaooZAReoNF0/getUpdates "HTTP/1.1 200 OK"
2025-07-20 00:10:45,402 - httpcore.http11 - DEBUG - receive_response_body.started request=<Request [b'POST']>
2025-07-20 00:10:45,402 - httpcore.http11 - DEBUG - receive_response_body.complete
2025-07-20 00:10:45,402 - httpcore.http11 - DEBUG - response_closed.started
2025-07-20 00:10:45,402 - httpcore.http11 - DEBUG - response_closed.complete
2025-07-20 00:10:45,404 - telegram.ext.ExtBot - DEBUG - No new updates found.
2025-07-20 00:10:45,404 - telegram.ext.ExtBot - DEBUG - ()
2025-07-20 00:10:45,404 - telegram.ext.ExtBot - DEBUG - Exiting: get_updates
2025-07-20 00:10:45,404 - telegram.ext.ExtBot - DEBUG - Entering: get_updates
2025-07-20 00:10:45,404 - httpcore.http11 - DEBUG - send_request_headers.started request=<Request [b'POST']>
2025-07-20 00:10:45,404 - httpcore.http11 - DEBUG - send_request_headers.complete
2025-07-20 00:10:45,404 - httpcore.http11 - DEBUG - send_request_body.started request=<Request [b'POST']>
2025-07-20 00:10:45,404 - httpcore.http11 - DEBUG - send_request_body.complete
2025-07-20 00:10:45,404 - httpcore.http11 - DEBUG - receive_response_headers.started request=<Request [b'POST']>
2025-07-20 00:10:55,614 - httpcore.http11 - DEBUG - receive_response_headers.complete return_value=(b'HTTP/1.1', 200, b'OK', [(b'Server', b'nginx/1.18.0'), (b'Date', b'Sat, 19 Jul 2025 23:10:55 GMT'), (b'Content-Type', b'application/json'), (b'Content-Length', b'23'), (b'Connection', b'keep-alive'), (b'Strict-Transport-Security', b'max-age=31536000; includeSubDomains; preload'), (b'Access-Control-Allow-Origin', b'*'), (b'Access-Control-Allow-Methods', b'GET, POST, OPTIONS'), (b'Access-Control-Expose-Headers', b'Content-Length,Content-Type,Date,Server,Connection')])
2025-07-20 00:10:55,617 - httpx - INFO - HTTP Request: POST https://api.telegram.org/bot7707158318:AAE8rWa4Q8Z_3avql6K0HAmXaooZAReoNF0/getUpdates "HTTP/1.1 200 OK"
2025-07-20 00:10:55,617 - httpcore.http11 - DEBUG - receive_response_body.started request=<Request [b'POST']>
2025-07-20 00:10:55,617 - httpcore.http11 - DEBUG - receive_response_body.complete
2025-07-20 00:10:55,617 - httpcore.http11 - DEBUG - response_closed.started
2025-07-20 00:10:55,620 - httpcore.http11 - DEBUG - response_closed.complete
2025-07-20 00:10:55,621 - telegram.ext.ExtBot - DEBUG - No new updates found.
2025-07-20 00:10:55,622 - telegram.ext.ExtBot - DEBUG - ()
2025-07-20 00:10:55,622 - telegram.ext.ExtBot - DEBUG - Exiting: get_updates
2025-07-20 00:10:55,622 - telegram.ext.ExtBot - DEBUG - Entering: get_updates
2025-07-20 00:10:55,626 - httpcore.http11 - DEBUG - send_request_headers.started request=<Request [b'POST']>
2025-07-20 00:10:55,627 - httpcore.http11 - DEBUG - send_request_headers.complete
2025-07-20 00:10:55,627 - httpcore.http11 - DEBUG - send_request_body.started request=<Request [b'POST']>
2025-07-20 00:10:55,627 - httpcore.http11 - DEBUG - send_request_body.complete
2025-07-20 00:10:55,630 - httpcore.http11 - DEBUG - receive_response_headers.started request=<Request [b'POST']>
2025-07-20 00:11:05,882 - httpcore.http11 - DEBUG - receive_response_headers.complete return_value=(b'HTTP/1.1', 200, b'OK', [(b'Server', b'nginx/1.18.0'), (b'Date', b'Sat, 19 Jul 2025 23:11:05 GMT'), (b'Content-Type', b'application/json'), (b'Content-Length', b'23'), (b'Connection', b'keep-alive'), (b'Strict-Transport-Security', b'max-age=31536000; includeSubDomains; preload'), (b'Access-Control-Allow-Origin', b'*'), (b'Access-Control-Allow-Methods', b'GET, POST, OPTIONS'), (b'Access-Control-Expose-Headers', b'Content-Length,Content-Type,Date,Server,Connection')])
2025-07-20 00:11:05,886 - httpx - INFO - HTTP Request: POST https://api.telegram.org/bot7707158318:AAE8rWa4Q8Z_3avql6K0HAmXaooZAReoNF0/getUpdates "HTTP/1.1 200 OK"
2025-07-20 00:11:05,886 - httpcore.http11 - DEBUG - receive_response_body.started request=<Request [b'POST']>
2025-07-20 00:11:05,886 - httpcore.http11 - DEBUG - receive_response_body.complete
2025-07-20 00:11:05,886 - httpcore.http11 - DEBUG - response_closed.started
2025-07-20 00:11:05,886 - httpcore.http11 - DEBUG - response_closed.complete
2025-07-20 00:11:05,886 - telegram.ext.ExtBot - DEBUG - No new updates found.
2025-07-20 00:11:05,886 - telegram.ext.ExtBot - DEBUG - ()
2025-07-20 00:11:05,886 - telegram.ext.ExtBot - DEBUG - Exiting: get_updates
2025-07-20 00:11:05,886 - telegram.ext.ExtBot - DEBUG - Entering: get_updates
2025-07-20 00:11:05,892 - httpcore.http11 - DEBUG - send_request_headers.started request=<Request [b'POST']>
2025-07-20 00:11:05,894 - httpcore.http11 - DEBUG - send_request_headers.complete
2025-07-20 00:11:05,895 - httpcore.http11 - DEBUG - send_request_body.started request=<Request [b'POST']>
2025-07-20 00:11:05,896 - httpcore.http11 - DEBUG - send_request_body.complete
2025-07-20 00:11:05,896 - httpcore.http11 - DEBUG - receive_response_headers.started request=<Request [b'POST']>
2025-07-20 00:11:16,098 - httpcore.http11 - DEBUG - receive_response_headers.complete return_value=(b'HTTP/1.1', 200, b'OK', [(b'Server', b'nginx/1.18.0'), (b'Date', b'Sat, 19 Jul 2025 23:11:15 GMT'), (b'Content-Type', b'application/json'), (b'Content-Length', b'23'), (b'Connection', b'keep-alive'), (b'Strict-Transport-Security', b'max-age=31536000; includeSubDomains; preload'), (b'Access-Control-Allow-Origin', b'*'), (b'Access-Control-Allow-Methods', b'GET, POST, OPTIONS'), (b'Access-Control-Expose-Headers', b'Content-Length,Content-Type,Date,Server,Connection')])
2025-07-20 00:11:16,100 - httpx - INFO - HTTP Request: POST https://api.telegram.org/bot7707158318:AAE8rWa4Q8Z_3avql6K0HAmXaooZAReoNF0/getUpdates "HTTP/1.1 200 OK"
2025-07-20 00:11:16,102 - httpcore.http11 - DEBUG - receive_response_body.started request=<Request [b'POST']>
2025-07-20 00:11:16,102 - httpcore.http11 - DEBUG - receive_response_body.complete
2025-07-20 00:11:16,102 - httpcore.http11 - DEBUG - response_closed.started
2025-07-20 00:11:16,103 - httpcore.http11 - DEBUG - response_closed.complete
2025-07-20 00:11:16,103 - telegram.ext.ExtBot - DEBUG - No new updates found.
2025-07-20 00:11:16,103 - telegram.ext.ExtBot - DEBUG - ()
2025-07-20 00:11:16,103 - telegram.ext.ExtBot - DEBUG - Exiting: get_updates
2025-07-20 00:11:16,103 - telegram.ext.ExtBot - DEBUG - Entering: get_updates
2025-07-20 00:11:16,105 - httpcore.http11 - DEBUG - send_request_headers.started request=<Request [b'POST']>
2025-07-20 00:11:16,106 - httpcore.http11 - DEBUG - send_request_headers.complete
2025-07-20 00:11:16,107 - httpcore.http11 - DEBUG - send_request_body.started request=<Request [b'POST']>
2025-07-20 00:11:16,107 - httpcore.http11 - DEBUG - send_request_body.complete
2025-07-20 00:11:16,107 - httpcore.http11 - DEBUG - receive_response_headers.started request=<Request [b'POST']>
2025-07-20 00:11:26,337 - httpcore.http11 - DEBUG - receive_response_headers.complete return_value=(b'HTTP/1.1', 200, b'OK', [(b'Server', b'nginx/1.18.0'), (b'Date', b'Sat, 19 Jul 2025 23:11:26 GMT'), (b'Content-Type', b'application/json'), (b'Content-Length', b'23'), (b'Connection', b'keep-alive'), (b'Strict-Transport-Security', b'max-age=31536000; includeSubDomains; preload'), (b'Access-Control-Allow-Origin', b'*'), (b'Access-Control-Allow-Methods', b'GET, POST, OPTIONS'), (b'Access-Control-Expose-Headers', b'Content-Length,Content-Type,Date,Server,Connection')])
2025-07-20 00:11:26,337 - httpx - INFO - HTTP Request: POST https://api.telegram.org/bot7707158318:AAE8rWa4Q8Z_3avql6K0HAmXaooZAReoNF0/getUpdates "HTTP/1.1 200 OK"
2025-07-20 00:11:26,337 - httpcore.http11 - DEBUG - receive_response_body.started request=<Request [b'POST']>
2025-07-20 00:11:26,337 - httpcore.http11 - DEBUG - receive_response_body.complete
2025-07-20 00:11:26,337 - httpcore.http11 - DEBUG - response_closed.started
2025-07-20 00:11:26,337 - httpcore.http11 - DEBUG - response_closed.complete
2025-07-20 00:11:26,344 - telegram.ext.ExtBot - DEBUG - No new updates found.
2025-07-20 00:11:26,344 - telegram.ext.ExtBot - DEBUG - ()
2025-07-20 00:11:26,344 - telegram.ext.ExtBot - DEBUG - Exiting: get_updates
2025-07-20 00:11:26,344 - telegram.ext.ExtBot - DEBUG - Entering: get_updates
2025-07-20 00:11:26,348 - httpcore.http11 - DEBUG - send_request_headers.started request=<Request [b'POST']>
2025-07-20 00:11:26,348 - httpcore.http11 - DEBUG - send_request_headers.complete
2025-07-20 00:11:26,348 - httpcore.http11 - DEBUG - send_request_body.started request=<Request [b'POST']>
2025-07-20 00:11:26,350 - httpcore.http11 - DEBUG - send_request_body.complete
2025-07-20 00:11:26,350 - httpcore.http11 - DEBUG - receive_response_headers.started request=<Request [b'POST']>
2025-07-20 00:11:36,460 - httpcore.http11 - DEBUG - receive_response_headers.complete return_value=(b'HTTP/1.1', 200, b'OK', [(b'Server', b'nginx/1.18.0'), (b'Date', b'Sat, 19 Jul 2025 23:11:36 GMT'), (b'Content-Type', b'application/json'), (b'Content-Length', b'23'), (b'Connection', b'keep-alive'), (b'Strict-Transport-Security', b'max-age=31536000; includeSubDomains; preload'), (b'Access-Control-Allow-Origin', b'*'), (b'Access-Control-Allow-Methods', b'GET, POST, OPTIONS'), (b'Access-Control-Expose-Headers', b'Content-Length,Content-Type,Date,Server,Connection')])
2025-07-20 00:11:36,460 - httpx - INFO - HTTP Request: POST https://api.telegram.org/bot7707158318:AAE8rWa4Q8Z_3avql6K0HAmXaooZAReoNF0/getUpdates "HTTP/1.1 200 OK"
2025-07-20 00:11:36,460 - httpcore.http11 - DEBUG - receive_response_body.started request=<Request [b'POST']>
2025-07-20 00:11:36,465 - httpcore.http11 - DEBUG - receive_response_body.complete
2025-07-20 00:11:36,465 - httpcore.http11 - DEBUG - response_closed.started
2025-07-20 00:11:36,465 - httpcore.http11 - DEBUG - response_closed.complete
2025-07-20 00:11:36,465 - telegram.ext.ExtBot - DEBUG - No new updates found.
2025-07-20 00:11:36,465 - telegram.ext.ExtBot - DEBUG - ()
2025-07-20 00:11:36,465 - telegram.ext.ExtBot - DEBUG - Exiting: get_updates
2025-07-20 00:11:36,467 - telegram.ext.ExtBot - DEBUG - Entering: get_updates
2025-07-20 00:11:36,470 - httpcore.http11 - DEBUG - send_request_headers.started request=<Request [b'POST']>
2025-07-20 00:11:36,473 - httpcore.http11 - DEBUG - send_request_headers.complete
2025-07-20 00:11:36,473 - httpcore.http11 - DEBUG - send_request_body.started request=<Request [b'POST']>
2025-07-20 00:11:36,475 - httpcore.http11 - DEBUG - send_request_body.complete
2025-07-20 00:11:36,475 - httpcore.http11 - DEBUG - receive_response_headers.started request=<Request [b'POST']>
