2025-07-20 00:08:05,858 - asyncio - DEBUG - Using proactor: IocpProactor
2025-07-20 00:08:05,862 - httpx - DEBUG - load_ssl_context verify=True cert=None trust_env=True http2=False
2025-07-20 00:08:05,864 - httpx - DEBUG - load_verify_locations cafile='c:\\Users\\Rachid Aitali\\OneDrive - 4JM Solutions Limited\\Desktop\\SniperX-V3-Best-Version-at-now\\SniperX-V3-Best-Version-at-now\\SniperX-Dev\\.venv\\lib\\site-packages\\certifi\\cacert.pem'
2025-07-20 00:08:05,871 - httpx - DEBUG - load_ssl_context verify=True cert=None trust_env=True http2=False
2025-07-20 00:08:05,871 - httpx - DEBUG - load_verify_locations cafile='c:\\Users\\Rachid Aitali\\OneDrive - 4JM Solutions Limited\\Desktop\\SniperX-V3-Best-Version-at-now\\SniperX-V3-Best-Version-at-now\\SniperX-Dev\\.venv\\lib\\site-packages\\certifi\\cacert.pem'
2025-07-20 00:08:05,880 - __main__ - INFO - Telegram Manager Bot started. Send /menu to interact.
2025-07-20 00:08:05,881 - telegram.ext.ExtBot - DEBUG - Entering: send_message
2025-07-20 00:08:05,911 - httpcore.connection - DEBUG - connect_tcp.started host='api.telegram.org' port=443 local_address=None timeout=5.0 socket_options=None
2025-07-20 00:08:06,109 - httpcore.connection - DEBUG - connect_tcp.complete return_value=<httpcore._backends.anyio.AnyIOStream object at 0x000001F2FC35F3D0>
2025-07-20 00:08:06,109 - httpcore.connection - DEBUG - start_tls.started ssl_context=<ssl.SSLContext object at 0x000001F2FC318340> server_hostname='api.telegram.org' timeout=5.0
2025-07-20 00:08:06,218 - httpcore.connection - DEBUG - start_tls.complete return_value=<httpcore._backends.anyio.AnyIOStream object at 0x000001F2FC35EC80>
2025-07-20 00:08:06,220 - httpcore.http11 - DEBUG - send_request_headers.started request=<Request [b'POST']>
2025-07-20 00:08:06,221 - httpcore.http11 - DEBUG - send_request_headers.complete
2025-07-20 00:08:06,222 - httpcore.http11 - DEBUG - send_request_body.started request=<Request [b'POST']>
2025-07-20 00:08:06,222 - httpcore.http11 - DEBUG - send_request_body.complete
2025-07-20 00:08:06,222 - httpcore.http11 - DEBUG - receive_response_headers.started request=<Request [b'POST']>
2025-07-20 00:08:06,598 - httpcore.http11 - DEBUG - receive_response_headers.complete return_value=(b'HTTP/1.1', 200, b'OK', [(b'Server', b'nginx/1.18.0'), (b'Date', b'Sat, 19 Jul 2025 23:08:06 GMT'), (b'Content-Type', b'application/json'), (b'Content-Length', b'352'), (b'Connection', b'keep-alive'), (b'Strict-Transport-Security', b'max-age=31536000; includeSubDomains; preload'), (b'Access-Control-Allow-Origin', b'*'), (b'Access-Control-Allow-Methods', b'GET, POST, OPTIONS'), (b'Access-Control-Expose-Headers', b'Content-Length,Content-Type,Date,Server,Connection')])
2025-07-20 00:08:06,601 - httpx - INFO - HTTP Request: POST https://api.telegram.org/bot7707158318:AAE8rWa4Q8Z_3avql6K0HAmXaooZAReoNF0/sendMessage "HTTP/1.1 200 OK"
2025-07-20 00:08:06,604 - httpcore.http11 - DEBUG - receive_response_body.started request=<Request [b'POST']>
2025-07-20 00:08:06,604 - httpcore.http11 - DEBUG - receive_response_body.complete
2025-07-20 00:08:06,604 - httpcore.http11 - DEBUG - response_closed.started
2025-07-20 00:08:06,605 - httpcore.http11 - DEBUG - response_closed.complete
2025-07-20 00:08:06,609 - telegram.ext.ExtBot - DEBUG - Message(channel_chat_created=False, chat=Chat(first_name='Ghost', id=7049055170, last_name='Number1', type=<ChatType.PRIVATE>), date=datetime.datetime(2025, 7, 19, 23, 8, 6, tzinfo=<UTC>), delete_chat_photo=False, entities=(MessageEntity(length=5, offset=36, type=<MessageEntityType.BOT_COMMAND>),), from_user=User(first_name='SPRD', id=7707158318, is_bot=True, username='tizi91Bot'), group_chat_created=False, message_id=13916, supergroup_chat_created=False, text='SniperX Control Bot is online! Send /menu to see options.')
2025-07-20 00:08:06,610 - telegram.ext.ExtBot - DEBUG - Exiting: send_message
2025-07-20 00:08:06,610 - telegram.ext.ExtBot - DEBUG - Entering: get_me
2025-07-20 00:08:06,612 - httpcore.http11 - DEBUG - send_request_headers.started request=<Request [b'POST']>
2025-07-20 00:08:06,613 - httpcore.http11 - DEBUG - send_request_headers.complete
2025-07-20 00:08:06,613 - httpcore.http11 - DEBUG - send_request_body.started request=<Request [b'POST']>
2025-07-20 00:08:06,613 - httpcore.http11 - DEBUG - send_request_body.complete
2025-07-20 00:08:06,613 - httpcore.http11 - DEBUG - receive_response_headers.started request=<Request [b'POST']>
2025-07-20 00:08:06,752 - httpcore.http11 - DEBUG - receive_response_headers.complete return_value=(b'HTTP/1.1', 200, b'OK', [(b'Server', b'nginx/1.18.0'), (b'Date', b'Sat, 19 Jul 2025 23:08:06 GMT'), (b'Content-Type', b'application/json'), (b'Content-Length', b'243'), (b'Connection', b'keep-alive'), (b'Strict-Transport-Security', b'max-age=31536000; includeSubDomains; preload'), (b'Access-Control-Allow-Origin', b'*'), (b'Access-Control-Allow-Methods', b'GET, POST, OPTIONS'), (b'Access-Control-Expose-Headers', b'Content-Length,Content-Type,Date,Server,Connection')])
2025-07-20 00:08:06,753 - httpx - INFO - HTTP Request: POST https://api.telegram.org/bot7707158318:AAE8rWa4Q8Z_3avql6K0HAmXaooZAReoNF0/getMe "HTTP/1.1 200 OK"
2025-07-20 00:08:06,754 - httpcore.http11 - DEBUG - receive_response_body.started request=<Request [b'POST']>
2025-07-20 00:08:06,755 - httpcore.http11 - DEBUG - receive_response_body.complete
2025-07-20 00:08:06,755 - httpcore.http11 - DEBUG - response_closed.started
2025-07-20 00:08:06,756 - httpcore.http11 - DEBUG - response_closed.complete
2025-07-20 00:08:06,756 - telegram.ext.ExtBot - DEBUG - User(api_kwargs={'can_connect_to_business': False, 'has_main_web_app': False}, can_join_groups=True, can_read_all_group_messages=False, first_name='SPRD', id=7707158318, is_bot=True, supports_inline_queries=False, username='tizi91Bot')
2025-07-20 00:08:06,756 - telegram.ext.ExtBot - DEBUG - Exiting: get_me
2025-07-20 00:08:06,757 - telegram.ext.ExtBot - DEBUG - This Bot is already initialized.
2025-07-20 00:08:06,757 - telegram.ext.Updater - DEBUG - Updater started (polling)
2025-07-20 00:08:06,758 - telegram.ext.Updater - DEBUG - Start network loop retry bootstrap del webhook
2025-07-20 00:08:06,758 - telegram.ext.Updater - DEBUG - Deleting webhook
2025-07-20 00:08:06,758 - telegram.ext.ExtBot - DEBUG - Entering: delete_webhook
2025-07-20 00:08:06,761 - httpcore.http11 - DEBUG - send_request_headers.started request=<Request [b'POST']>
2025-07-20 00:08:06,762 - httpcore.http11 - DEBUG - send_request_headers.complete
2025-07-20 00:08:06,762 - httpcore.http11 - DEBUG - send_request_body.started request=<Request [b'POST']>
2025-07-20 00:08:06,763 - httpcore.http11 - DEBUG - send_request_body.complete
2025-07-20 00:08:06,763 - httpcore.http11 - DEBUG - receive_response_headers.started request=<Request [b'POST']>
2025-07-20 00:08:06,915 - httpcore.http11 - DEBUG - receive_response_headers.complete return_value=(b'HTTP/1.1', 200, b'OK', [(b'Server', b'nginx/1.18.0'), (b'Date', b'Sat, 19 Jul 2025 23:08:06 GMT'), (b'Content-Type', b'application/json'), (b'Content-Length', b'68'), (b'Connection', b'keep-alive'), (b'Strict-Transport-Security', b'max-age=31536000; includeSubDomains; preload'), (b'Access-Control-Allow-Origin', b'*'), (b'Access-Control-Allow-Methods', b'GET, POST, OPTIONS'), (b'Access-Control-Expose-Headers', b'Content-Length,Content-Type,Date,Server,Connection')])
2025-07-20 00:08:06,916 - httpx - INFO - HTTP Request: POST https://api.telegram.org/bot7707158318:AAE8rWa4Q8Z_3avql6K0HAmXaooZAReoNF0/deleteWebhook "HTTP/1.1 200 OK"
2025-07-20 00:08:06,917 - httpcore.http11 - DEBUG - receive_response_body.started request=<Request [b'POST']>
2025-07-20 00:08:06,917 - httpcore.http11 - DEBUG - receive_response_body.complete
2025-07-20 00:08:06,917 - httpcore.http11 - DEBUG - response_closed.started
2025-07-20 00:08:06,917 - httpcore.http11 - DEBUG - response_closed.complete
2025-07-20 00:08:06,918 - telegram.ext.ExtBot - DEBUG - True
2025-07-20 00:08:06,918 - telegram.ext.ExtBot - DEBUG - Exiting: delete_webhook
2025-07-20 00:08:06,918 - telegram.ext.Updater - DEBUG - Bootstrap done
2025-07-20 00:08:06,918 - telegram.ext.Updater - DEBUG - Waiting for polling to start
2025-07-20 00:08:06,918 - telegram.ext.Updater - DEBUG - Polling updates from Telegram started
2025-07-20 00:08:06,918 - telegram.ext.Updater - DEBUG - Start network loop retry getting Updates
2025-07-20 00:08:06,918 - telegram.ext.ExtBot - DEBUG - Entering: get_updates
2025-07-20 00:08:06,921 - telegram.ext.Application - INFO - Application started
2025-07-20 00:08:06,921 - httpcore.connection - DEBUG - connect_tcp.started host='api.telegram.org' port=443 local_address=None timeout=5.0 socket_options=None
2025-07-20 00:08:07,082 - httpcore.connection - DEBUG - connect_tcp.complete return_value=<httpcore._backends.anyio.AnyIOStream object at 0x000001F2FD3831F0>
2025-07-20 00:08:07,082 - httpcore.connection - DEBUG - start_tls.started ssl_context=<ssl.SSLContext object at 0x000001F2FC318240> server_hostname='api.telegram.org' timeout=5.0
2025-07-20 00:08:07,242 - httpcore.connection - DEBUG - start_tls.complete return_value=<httpcore._backends.anyio.AnyIOStream object at 0x000001F2FD3830A0>
2025-07-20 00:08:07,242 - httpcore.http11 - DEBUG - send_request_headers.started request=<Request [b'POST']>
2025-07-20 00:08:07,243 - httpcore.http11 - DEBUG - send_request_headers.complete
2025-07-20 00:08:07,243 - httpcore.http11 - DEBUG - send_request_body.started request=<Request [b'POST']>
2025-07-20 00:08:07,243 - httpcore.http11 - DEBUG - send_request_body.complete
2025-07-20 00:08:07,243 - httpcore.http11 - DEBUG - receive_response_headers.started request=<Request [b'POST']>
2025-07-20 00:08:10,751 - httpcore.http11 - DEBUG - receive_response_headers.complete return_value=(b'HTTP/1.1', 200, b'OK', [(b'Server', b'nginx/1.18.0'), (b'Date', b'Sat, 19 Jul 2025 23:08:10 GMT'), (b'Content-Type', b'application/json'), (b'Content-Length', b'357'), (b'Connection', b'keep-alive'), (b'Strict-Transport-Security', b'max-age=31536000; includeSubDomains; preload'), (b'Access-Control-Allow-Origin', b'*'), (b'Access-Control-Allow-Methods', b'GET, POST, OPTIONS'), (b'Access-Control-Expose-Headers', b'Content-Length,Content-Type,Date,Server,Connection')])
2025-07-20 00:08:10,752 - httpx - INFO - HTTP Request: POST https://api.telegram.org/bot7707158318:AAE8rWa4Q8Z_3avql6K0HAmXaooZAReoNF0/getUpdates "HTTP/1.1 200 OK"
2025-07-20 00:08:10,752 - httpcore.http11 - DEBUG - receive_response_body.started request=<Request [b'POST']>
2025-07-20 00:08:10,752 - httpcore.http11 - DEBUG - receive_response_body.complete
2025-07-20 00:08:10,752 - httpcore.http11 - DEBUG - response_closed.started
2025-07-20 00:08:10,754 - httpcore.http11 - DEBUG - response_closed.complete
2025-07-20 00:08:10,755 - telegram.ext.ExtBot - DEBUG - Getting updates: [37531230]
2025-07-20 00:08:10,759 - telegram.ext.ExtBot - DEBUG - (Update(message=Message(channel_chat_created=False, chat=Chat(first_name='Ghost', id=7049055170, last_name='Number1', type=<ChatType.PRIVATE>), date=datetime.datetime(2025, 7, 19, 23, 8, 10, tzinfo=<UTC>), delete_chat_photo=False, entities=(MessageEntity(length=5, offset=0, type=<MessageEntityType.BOT_COMMAND>),), from_user=User(first_name='Ghost', id=7049055170, is_bot=False, language_code='en', last_name='Number1'), group_chat_created=False, message_id=13917, supergroup_chat_created=False, text='/menu'), update_id=37531230),)
2025-07-20 00:08:10,763 - telegram.ext.ExtBot - DEBUG - Exiting: get_updates
2025-07-20 00:08:10,765 - telegram.ext.ExtBot - DEBUG - Entering: get_updates
2025-07-20 00:08:10,771 - telegram.ext.Application - DEBUG - Processing update Update(message=Message(channel_chat_created=False, chat=Chat(first_name='Ghost', id=7049055170, last_name='Number1', type=<ChatType.PRIVATE>), date=datetime.datetime(2025, 7, 19, 23, 8, 10, tzinfo=<UTC>), delete_chat_photo=False, entities=(MessageEntity(length=5, offset=0, type=<MessageEntityType.BOT_COMMAND>),), from_user=User(first_name='Ghost', id=7049055170, is_bot=False, language_code='en', last_name='Number1'), group_chat_created=False, message_id=13917, supergroup_chat_created=False, text='/menu'), update_id=37531230)
2025-07-20 00:08:10,779 - telegram.ext.ExtBot - DEBUG - Entering: send_message
2025-07-20 00:08:10,784 - httpcore.http11 - DEBUG - send_request_headers.started request=<Request [b'POST']>
2025-07-20 00:08:10,787 - httpcore.http11 - DEBUG - send_request_headers.started request=<Request [b'POST']>
2025-07-20 00:08:10,788 - httpcore.http11 - DEBUG - send_request_headers.complete
2025-07-20 00:08:10,788 - httpcore.http11 - DEBUG - send_request_body.started request=<Request [b'POST']>
2025-07-20 00:08:10,789 - httpcore.http11 - DEBUG - send_request_headers.complete
2025-07-20 00:08:10,790 - httpcore.http11 - DEBUG - send_request_body.started request=<Request [b'POST']>
2025-07-20 00:08:10,791 - httpcore.http11 - DEBUG - send_request_body.complete
2025-07-20 00:08:10,791 - httpcore.http11 - DEBUG - receive_response_headers.started request=<Request [b'POST']>
2025-07-20 00:08:10,792 - httpcore.http11 - DEBUG - send_request_body.complete
2025-07-20 00:08:10,792 - httpcore.http11 - DEBUG - receive_response_headers.started request=<Request [b'POST']>
2025-07-20 00:08:11,074 - httpcore.http11 - DEBUG - receive_response_headers.complete return_value=(b'HTTP/1.1', 200, b'OK', [(b'Server', b'nginx/1.18.0'), (b'Date', b'Sat, 19 Jul 2025 23:08:10 GMT'), (b'Content-Type', b'application/json'), (b'Content-Length', b'570'), (b'Connection', b'keep-alive'), (b'Strict-Transport-Security', b'max-age=31536000; includeSubDomains; preload'), (b'Access-Control-Allow-Origin', b'*'), (b'Access-Control-Allow-Methods', b'GET, POST, OPTIONS'), (b'Access-Control-Expose-Headers', b'Content-Length,Content-Type,Date,Server,Connection')])
2025-07-20 00:08:11,074 - httpx - INFO - HTTP Request: POST https://api.telegram.org/bot7707158318:AAE8rWa4Q8Z_3avql6K0HAmXaooZAReoNF0/sendMessage "HTTP/1.1 200 OK"
2025-07-20 00:08:11,076 - httpcore.http11 - DEBUG - receive_response_body.started request=<Request [b'POST']>
2025-07-20 00:08:11,077 - httpcore.http11 - DEBUG - receive_response_body.complete
2025-07-20 00:08:11,077 - httpcore.http11 - DEBUG - response_closed.started
2025-07-20 00:08:11,077 - httpcore.http11 - DEBUG - response_closed.complete
2025-07-20 00:08:11,079 - telegram.ext.ExtBot - DEBUG - Message(channel_chat_created=False, chat=Chat(first_name='Ghost', id=7049055170, last_name='Number1', type=<ChatType.PRIVATE>), date=datetime.datetime(2025, 7, 19, 23, 8, 10, tzinfo=<UTC>), delete_chat_photo=False, from_user=User(first_name='SPRD', id=7707158318, is_bot=True, username='tizi91Bot'), group_chat_created=False, message_id=13918, reply_markup=InlineKeyboardMarkup(inline_keyboard=((InlineKeyboardButton(callback_data='start_sniperx', text='🚀 Start SniperX'),), (InlineKeyboardButton(callback_data='stop_sniperx', text='🛑 Stop SniperX'), InlineKeyboardButton(callback_data='status_sniperx', text='📊 Status')), (InlineKeyboardButton(callback_data='show_balance', text='💰 Balance'),))), supergroup_chat_created=False, text='SniperX Bot Control Panel:')
2025-07-20 00:08:11,080 - telegram.ext.ExtBot - DEBUG - Exiting: send_message
2025-07-20 00:08:12,408 - httpcore.http11 - DEBUG - receive_response_headers.complete return_value=(b'HTTP/1.1', 200, b'OK', [(b'Server', b'nginx/1.18.0'), (b'Date', b'Sat, 19 Jul 2025 23:08:12 GMT'), (b'Content-Type', b'application/json'), (b'Content-Length', b'818'), (b'Connection', b'keep-alive'), (b'Strict-Transport-Security', b'max-age=31536000; includeSubDomains; preload'), (b'Access-Control-Allow-Origin', b'*'), (b'Access-Control-Allow-Methods', b'GET, POST, OPTIONS'), (b'Access-Control-Expose-Headers', b'Content-Length,Content-Type,Date,Server,Connection')])
2025-07-20 00:08:12,409 - httpx - INFO - HTTP Request: POST https://api.telegram.org/bot7707158318:AAE8rWa4Q8Z_3avql6K0HAmXaooZAReoNF0/getUpdates "HTTP/1.1 200 OK"
2025-07-20 00:08:12,411 - httpcore.http11 - DEBUG - receive_response_body.started request=<Request [b'POST']>
2025-07-20 00:08:12,412 - httpcore.http11 - DEBUG - receive_response_body.complete
2025-07-20 00:08:12,412 - httpcore.http11 - DEBUG - response_closed.started
2025-07-20 00:08:12,413 - httpcore.http11 - DEBUG - response_closed.complete
2025-07-20 00:08:12,414 - telegram.ext.ExtBot - DEBUG - Getting updates: [37531231]
2025-07-20 00:08:12,414 - telegram.ext.ExtBot - DEBUG - (Update(callback_query=CallbackQuery(chat_instance='-1307310250263184334', data='start_sniperx', from_user=User(first_name='Ghost', id=7049055170, is_bot=False, language_code='en', last_name='Number1'), id='2605345314728374318', message=Message(channel_chat_created=False, chat=Chat(first_name='Ghost', id=7049055170, last_name='Number1', type=<ChatType.PRIVATE>), date=datetime.datetime(2025, 7, 19, 23, 8, 10, tzinfo=<UTC>), delete_chat_photo=False, from_user=User(first_name='SPRD', id=7707158318, is_bot=True, username='tizi91Bot'), group_chat_created=False, message_id=13918, reply_markup=InlineKeyboardMarkup(inline_keyboard=((InlineKeyboardButton(callback_data='start_sniperx', text='🚀 Start SniperX'),), (InlineKeyboardButton(callback_data='stop_sniperx', text='🛑 Stop SniperX'), InlineKeyboardButton(callback_data='status_sniperx', text='📊 Status')), (InlineKeyboardButton(callback_data='show_balance', text='💰 Balance'),))), supergroup_chat_created=False, text='SniperX Bot Control Panel:')), update_id=37531231),)
2025-07-20 00:08:12,416 - telegram.ext.ExtBot - DEBUG - Exiting: get_updates
2025-07-20 00:08:12,416 - telegram.ext.ExtBot - DEBUG - Entering: get_updates
2025-07-20 00:08:12,416 - telegram.ext.Application - DEBUG - Processing update Update(callback_query=CallbackQuery(chat_instance='-1307310250263184334', data='start_sniperx', from_user=User(first_name='Ghost', id=7049055170, is_bot=False, language_code='en', last_name='Number1'), id='2605345314728374318', message=Message(channel_chat_created=False, chat=Chat(first_name='Ghost', id=7049055170, last_name='Number1', type=<ChatType.PRIVATE>), date=datetime.datetime(2025, 7, 19, 23, 8, 10, tzinfo=<UTC>), delete_chat_photo=False, from_user=User(first_name='SPRD', id=7707158318, is_bot=True, username='tizi91Bot'), group_chat_created=False, message_id=13918, reply_markup=InlineKeyboardMarkup(inline_keyboard=((InlineKeyboardButton(callback_data='start_sniperx', text='🚀 Start SniperX'),), (InlineKeyboardButton(callback_data='stop_sniperx', text='🛑 Stop SniperX'), InlineKeyboardButton(callback_data='status_sniperx', text='📊 Status')), (InlineKeyboardButton(callback_data='show_balance', text='💰 Balance'),))), supergroup_chat_created=False, text='SniperX Bot Control Panel:')), update_id=37531231)
2025-07-20 00:08:12,417 - __main__ - INFO - Button callback received: Update(callback_query=CallbackQuery(chat_instance='-1307310250263184334', data='start_sniperx', from_user=User(first_name='Ghost', id=7049055170, is_bot=False, language_code='en', last_name='Number1'), id='2605345314728374318', message=Message(channel_chat_created=False, chat=Chat(first_name='Ghost', id=7049055170, last_name='Number1', type=<ChatType.PRIVATE>), date=datetime.datetime(2025, 7, 19, 23, 8, 10, tzinfo=<UTC>), delete_chat_photo=False, from_user=User(first_name='SPRD', id=7707158318, is_bot=True, username='tizi91Bot'), group_chat_created=False, message_id=13918, reply_markup=InlineKeyboardMarkup(inline_keyboard=((InlineKeyboardButton(callback_data='start_sniperx', text='🚀 Start SniperX'),), (InlineKeyboardButton(callback_data='stop_sniperx', text='🛑 Stop SniperX'), InlineKeyboardButton(callback_data='status_sniperx', text='📊 Status')), (InlineKeyboardButton(callback_data='show_balance', text='💰 Balance'),))), supergroup_chat_created=False, text='SniperX Bot Control Panel:')), update_id=37531231)
2025-07-20 00:08:12,418 - telegram.ext.ExtBot - DEBUG - Entering: answer_callback_query
2025-07-20 00:08:12,422 - httpcore.http11 - DEBUG - send_request_headers.started request=<Request [b'POST']>
2025-07-20 00:08:12,424 - httpcore.http11 - DEBUG - send_request_headers.started request=<Request [b'POST']>
2025-07-20 00:08:12,424 - httpcore.http11 - DEBUG - send_request_headers.complete
2025-07-20 00:08:12,424 - httpcore.http11 - DEBUG - send_request_body.started request=<Request [b'POST']>
2025-07-20 00:08:12,424 - httpcore.http11 - DEBUG - send_request_headers.complete
2025-07-20 00:08:12,424 - httpcore.http11 - DEBUG - send_request_body.started request=<Request [b'POST']>
2025-07-20 00:08:12,425 - httpcore.http11 - DEBUG - send_request_body.complete
2025-07-20 00:08:12,425 - httpcore.http11 - DEBUG - receive_response_headers.started request=<Request [b'POST']>
2025-07-20 00:08:12,425 - httpcore.http11 - DEBUG - send_request_body.complete
2025-07-20 00:08:12,425 - httpcore.http11 - DEBUG - receive_response_headers.started request=<Request [b'POST']>
2025-07-20 00:08:12,563 - httpcore.http11 - DEBUG - receive_response_headers.complete return_value=(b'HTTP/1.1', 200, b'OK', [(b'Server', b'nginx/1.18.0'), (b'Date', b'Sat, 19 Jul 2025 23:08:12 GMT'), (b'Content-Type', b'application/json'), (b'Content-Length', b'25'), (b'Connection', b'keep-alive'), (b'Strict-Transport-Security', b'max-age=31536000; includeSubDomains; preload'), (b'Access-Control-Allow-Origin', b'*'), (b'Access-Control-Allow-Methods', b'GET, POST, OPTIONS'), (b'Access-Control-Expose-Headers', b'Content-Length,Content-Type,Date,Server,Connection')])
2025-07-20 00:08:12,564 - httpx - INFO - HTTP Request: POST https://api.telegram.org/bot7707158318:AAE8rWa4Q8Z_3avql6K0HAmXaooZAReoNF0/answerCallbackQuery "HTTP/1.1 200 OK"
2025-07-20 00:08:12,566 - httpcore.http11 - DEBUG - receive_response_body.started request=<Request [b'POST']>
2025-07-20 00:08:12,567 - httpcore.http11 - DEBUG - receive_response_body.complete
2025-07-20 00:08:12,567 - httpcore.http11 - DEBUG - response_closed.started
2025-07-20 00:08:12,567 - httpcore.http11 - DEBUG - response_closed.complete
2025-07-20 00:08:12,568 - telegram.ext.ExtBot - DEBUG - True
2025-07-20 00:08:12,568 - telegram.ext.ExtBot - DEBUG - Exiting: answer_callback_query
2025-07-20 00:08:12,568 - __main__ - INFO - Processing action: start_sniperx
2025-07-20 00:08:12,572 - telegram.ext.ExtBot - DEBUG - Entering: send_message
2025-07-20 00:08:12,576 - httpcore.http11 - DEBUG - send_request_headers.started request=<Request [b'POST']>
2025-07-20 00:08:12,578 - httpcore.http11 - DEBUG - send_request_headers.complete
2025-07-20 00:08:12,578 - httpcore.http11 - DEBUG - send_request_body.started request=<Request [b'POST']>
2025-07-20 00:08:12,579 - httpcore.http11 - DEBUG - send_request_body.complete
2025-07-20 00:08:12,579 - httpcore.http11 - DEBUG - receive_response_headers.started request=<Request [b'POST']>
2025-07-20 00:08:12,863 - httpcore.http11 - DEBUG - receive_response_headers.complete return_value=(b'HTTP/1.1', 200, b'OK', [(b'Server', b'nginx/1.18.0'), (b'Date', b'Sat, 19 Jul 2025 23:08:12 GMT'), (b'Content-Type', b'application/json'), (b'Content-Length', b'262'), (b'Connection', b'keep-alive'), (b'Strict-Transport-Security', b'max-age=31536000; includeSubDomains; preload'), (b'Access-Control-Allow-Origin', b'*'), (b'Access-Control-Allow-Methods', b'GET, POST, OPTIONS'), (b'Access-Control-Expose-Headers', b'Content-Length,Content-Type,Date,Server,Connection')])
2025-07-20 00:08:12,863 - httpx - INFO - HTTP Request: POST https://api.telegram.org/bot7707158318:AAE8rWa4Q8Z_3avql6K0HAmXaooZAReoNF0/sendMessage "HTTP/1.1 200 OK"
2025-07-20 00:08:12,865 - httpcore.http11 - DEBUG - receive_response_body.started request=<Request [b'POST']>
2025-07-20 00:08:12,865 - httpcore.http11 - DEBUG - receive_response_body.complete
2025-07-20 00:08:12,866 - httpcore.http11 - DEBUG - response_closed.started
2025-07-20 00:08:12,866 - httpcore.http11 - DEBUG - response_closed.complete
2025-07-20 00:08:12,867 - telegram.ext.ExtBot - DEBUG - Message(channel_chat_created=False, chat=Chat(first_name='Ghost', id=7049055170, last_name='Number1', type=<ChatType.PRIVATE>), date=datetime.datetime(2025, 7, 19, 23, 8, 12, tzinfo=<UTC>), delete_chat_photo=False, from_user=User(first_name='SPRD', id=7707158318, is_bot=True, username='tizi91Bot'), group_chat_created=False, message_id=13919, supergroup_chat_created=False, text='Starting wallet manager...')
2025-07-20 00:08:12,868 - telegram.ext.ExtBot - DEBUG - Exiting: send_message
2025-07-20 00:08:14,987 - telegram.ext.ExtBot - DEBUG - Entering: send_message
2025-07-20 00:08:14,996 - httpcore.http11 - DEBUG - send_request_headers.started request=<Request [b'POST']>
2025-07-20 00:08:14,999 - httpcore.http11 - DEBUG - send_request_headers.complete
2025-07-20 00:08:15,000 - httpcore.http11 - DEBUG - send_request_body.started request=<Request [b'POST']>
2025-07-20 00:08:15,004 - httpcore.http11 - DEBUG - send_request_body.complete
2025-07-20 00:08:15,005 - httpcore.http11 - DEBUG - receive_response_headers.started request=<Request [b'POST']>
2025-07-20 00:08:15,864 - httpcore.http11 - DEBUG - receive_response_headers.complete return_value=(b'HTTP/1.1', 200, b'OK', [(b'Server', b'nginx/1.18.0'), (b'Date', b'Sat, 19 Jul 2025 23:08:15 GMT'), (b'Content-Type', b'application/json'), (b'Content-Length', b'323'), (b'Connection', b'keep-alive'), (b'Strict-Transport-Security', b'max-age=31536000; includeSubDomains; preload'), (b'Access-Control-Allow-Origin', b'*'), (b'Access-Control-Allow-Methods', b'GET, POST, OPTIONS'), (b'Access-Control-Expose-Headers', b'Content-Length,Content-Type,Date,Server,Connection')])
2025-07-20 00:08:15,865 - httpx - INFO - HTTP Request: POST https://api.telegram.org/bot7707158318:AAE8rWa4Q8Z_3avql6K0HAmXaooZAReoNF0/sendMessage "HTTP/1.1 200 OK"
2025-07-20 00:08:15,866 - httpcore.http11 - DEBUG - receive_response_body.started request=<Request [b'POST']>
2025-07-20 00:08:15,866 - httpcore.http11 - DEBUG - receive_response_body.complete
2025-07-20 00:08:15,866 - httpcore.http11 - DEBUG - response_closed.started
2025-07-20 00:08:15,866 - httpcore.http11 - DEBUG - response_closed.complete
2025-07-20 00:08:15,867 - telegram.ext.ExtBot - DEBUG - Message(channel_chat_created=False, chat=Chat(first_name='Ghost', id=7049055170, last_name='Number1', type=<ChatType.PRIVATE>), date=datetime.datetime(2025, 7, 19, 23, 8, 15, tzinfo=<UTC>), delete_chat_photo=False, entities=(MessageEntity(length=5, offset=8, type=<MessageEntityType.URL>),), from_user=User(first_name='SPRD', id=7707158318, is_bot=True, username='tizi91Bot'), group_chat_created=False, message_id=13920, supergroup_chat_created=False, text='SniperX V2.py started with PID 23032.')
2025-07-20 00:08:15,868 - telegram.ext.ExtBot - DEBUG - Exiting: send_message
2025-07-20 00:08:15,868 - __main__ - INFO - SniperX V2.py started with PID 23032 by user tizi91Bot
2025-07-20 00:08:15,869 - telegram.ext.ExtBot - DEBUG - Entering: edit_message_text
2025-07-20 00:08:15,876 - httpcore.http11 - DEBUG - send_request_headers.started request=<Request [b'POST']>
2025-07-20 00:08:15,876 - httpcore.http11 - DEBUG - send_request_headers.complete
2025-07-20 00:08:15,877 - httpcore.http11 - DEBUG - send_request_body.started request=<Request [b'POST']>
2025-07-20 00:08:15,877 - httpcore.http11 - DEBUG - send_request_body.complete
2025-07-20 00:08:15,877 - httpcore.http11 - DEBUG - receive_response_headers.started request=<Request [b'POST']>
2025-07-20 00:08:16,357 - httpcore.http11 - DEBUG - receive_response_headers.complete return_value=(b'HTTP/1.1', 400, b'Bad Request', [(b'Server', b'nginx/1.18.0'), (b'Date', b'Sat, 19 Jul 2025 23:08:15 GMT'), (b'Content-Type', b'application/json'), (b'Content-Length', b'204'), (b'Connection', b'keep-alive'), (b'Strict-Transport-Security', b'max-age=31536000; includeSubDomains; preload'), (b'Access-Control-Allow-Origin', b'*'), (b'Access-Control-Expose-Headers', b'Content-Length,Content-Type,Date,Server,Connection')])
2025-07-20 00:08:16,358 - httpx - INFO - HTTP Request: POST https://api.telegram.org/bot7707158318:AAE8rWa4Q8Z_3avql6K0HAmXaooZAReoNF0/editMessageText "HTTP/1.1 400 Bad Request"
2025-07-20 00:08:16,362 - httpcore.http11 - DEBUG - receive_response_body.started request=<Request [b'POST']>
2025-07-20 00:08:16,363 - httpcore.http11 - DEBUG - receive_response_body.complete
2025-07-20 00:08:16,363 - httpcore.http11 - DEBUG - response_closed.started
2025-07-20 00:08:16,364 - httpcore.http11 - DEBUG - response_closed.complete
2025-07-20 00:08:16,365 - __main__ - ERROR - Error showing menu: Message is not modified: specified new message content and reply markup are exactly the same as a current content and reply markup of the message
2025-07-20 00:08:16,369 - telegram.ext.ExtBot - DEBUG - Entering: send_message
2025-07-20 00:08:16,373 - httpcore.http11 - DEBUG - send_request_headers.started request=<Request [b'POST']>
2025-07-20 00:08:16,375 - httpcore.http11 - DEBUG - send_request_headers.complete
2025-07-20 00:08:16,375 - httpcore.http11 - DEBUG - send_request_body.started request=<Request [b'POST']>
2025-07-20 00:08:16,377 - httpcore.http11 - DEBUG - send_request_body.complete
2025-07-20 00:08:16,377 - httpcore.http11 - DEBUG - receive_response_headers.started request=<Request [b'POST']>
2025-07-20 00:08:16,928 - httpcore.http11 - DEBUG - receive_response_headers.complete return_value=(b'HTTP/1.1', 200, b'OK', [(b'Server', b'nginx/1.18.0'), (b'Date', b'Sat, 19 Jul 2025 23:08:16 GMT'), (b'Content-Type', b'application/json'), (b'Content-Length', b'570'), (b'Connection', b'keep-alive'), (b'Strict-Transport-Security', b'max-age=31536000; includeSubDomains; preload'), (b'Access-Control-Allow-Origin', b'*'), (b'Access-Control-Allow-Methods', b'GET, POST, OPTIONS'), (b'Access-Control-Expose-Headers', b'Content-Length,Content-Type,Date,Server,Connection')])
2025-07-20 00:08:16,929 - httpx - INFO - HTTP Request: POST https://api.telegram.org/bot7707158318:AAE8rWa4Q8Z_3avql6K0HAmXaooZAReoNF0/sendMessage "HTTP/1.1 200 OK"
2025-07-20 00:08:16,931 - httpcore.http11 - DEBUG - receive_response_body.started request=<Request [b'POST']>
2025-07-20 00:08:16,931 - httpcore.http11 - DEBUG - receive_response_body.complete
2025-07-20 00:08:16,931 - httpcore.http11 - DEBUG - response_closed.started
2025-07-20 00:08:16,933 - httpcore.http11 - DEBUG - response_closed.complete
2025-07-20 00:08:16,937 - telegram.ext.ExtBot - DEBUG - Message(channel_chat_created=False, chat=Chat(first_name='Ghost', id=7049055170, last_name='Number1', type=<ChatType.PRIVATE>), date=datetime.datetime(2025, 7, 19, 23, 8, 16, tzinfo=<UTC>), delete_chat_photo=False, from_user=User(first_name='SPRD', id=7707158318, is_bot=True, username='tizi91Bot'), group_chat_created=False, message_id=13921, reply_markup=InlineKeyboardMarkup(inline_keyboard=((InlineKeyboardButton(callback_data='start_sniperx', text='🚀 Start SniperX'),), (InlineKeyboardButton(callback_data='stop_sniperx', text='🛑 Stop SniperX'), InlineKeyboardButton(callback_data='status_sniperx', text='📊 Status')), (InlineKeyboardButton(callback_data='show_balance', text='💰 Balance'),))), supergroup_chat_created=False, text='SniperX Bot Control Panel:')
2025-07-20 00:08:16,938 - telegram.ext.ExtBot - DEBUG - Exiting: send_message
2025-07-20 00:08:22,760 - httpcore.http11 - DEBUG - receive_response_headers.complete return_value=(b'HTTP/1.1', 200, b'OK', [(b'Server', b'nginx/1.18.0'), (b'Date', b'Sat, 19 Jul 2025 23:08:22 GMT'), (b'Content-Type', b'application/json'), (b'Content-Length', b'23'), (b'Connection', b'keep-alive'), (b'Strict-Transport-Security', b'max-age=31536000; includeSubDomains; preload'), (b'Access-Control-Allow-Origin', b'*'), (b'Access-Control-Allow-Methods', b'GET, POST, OPTIONS'), (b'Access-Control-Expose-Headers', b'Content-Length,Content-Type,Date,Server,Connection')])
2025-07-20 00:08:22,762 - httpx - INFO - HTTP Request: POST https://api.telegram.org/bot7707158318:AAE8rWa4Q8Z_3avql6K0HAmXaooZAReoNF0/getUpdates "HTTP/1.1 200 OK"
2025-07-20 00:08:22,764 - httpcore.http11 - DEBUG - receive_response_body.started request=<Request [b'POST']>
2025-07-20 00:08:22,766 - httpcore.http11 - DEBUG - receive_response_body.complete
2025-07-20 00:08:22,766 - httpcore.http11 - DEBUG - response_closed.started
2025-07-20 00:08:22,768 - httpcore.http11 - DEBUG - response_closed.complete
2025-07-20 00:08:22,769 - telegram.ext.ExtBot - DEBUG - No new updates found.
2025-07-20 00:08:22,769 - telegram.ext.ExtBot - DEBUG - ()
2025-07-20 00:08:22,769 - telegram.ext.ExtBot - DEBUG - Exiting: get_updates
2025-07-20 00:08:22,769 - telegram.ext.ExtBot - DEBUG - Entering: get_updates
2025-07-20 00:08:22,772 - httpcore.http11 - DEBUG - send_request_headers.started request=<Request [b'POST']>
2025-07-20 00:08:22,774 - httpcore.http11 - DEBUG - send_request_headers.complete
2025-07-20 00:08:22,775 - httpcore.http11 - DEBUG - send_request_body.started request=<Request [b'POST']>
2025-07-20 00:08:22,777 - httpcore.http11 - DEBUG - send_request_body.complete
2025-07-20 00:08:22,778 - httpcore.http11 - DEBUG - receive_response_headers.started request=<Request [b'POST']>
